Running from: /usr/share/jenkins/jenkins.war
2020-07-16 12:29:39.552+0000 [id=1]	INFO	org.eclipse.jetty.util.log.Log#initialized: Logging initialized @716ms to org.eclipse.jetty.util.log.JavaUtilLog
2020-07-16 12:29:39.801+0000 [id=1]	INFO	winstone.Logger#logInternal: Beginning extraction from war file
2020-07-16 12:29:43.897+0000 [id=1]	WARNING	o.e.j.s.handler.ContextHandler#setContextPath: Empty contextPath
2020-07-16 12:29:44.017+0000 [id=1]	INFO	org.eclipse.jetty.server.Server#doStart: jetty-9.4.27.v20200227; built: 2020-02-27T18:37:21.340Z; git: a304fd9f351f337e7c0e2a7c28878dd536149c6c; jvm 1.8.0_252-8u252-b09-1~18.04-b09
2020-07-16 12:29:44.580+0000 [id=1]	INFO	o.e.j.w.StandardDescriptorProcessor#visitServlet: NO JSP Support for /, did not find org.eclipse.jetty.jsp.JettyJspServlet
2020-07-16 12:29:44.683+0000 [id=1]	INFO	o.e.j.s.s.DefaultSessionIdManager#doStart: DefaultSessionIdManager workerName=node0
2020-07-16 12:29:44.684+0000 [id=1]	INFO	o.e.j.s.s.DefaultSessionIdManager#doStart: No SessionScavenger set, using defaults
2020-07-16 12:29:44.689+0000 [id=1]	INFO	o.e.j.server.session.HouseKeeper#startScavenging: node0 Scavenging every 660000ms
2020-07-16 12:29:45.386+0000 [id=1]	INFO	hudson.WebAppMain#contextInitialized: Jenkins home directory: /var/lib/jenkins found at: EnvVars.masterEnvVars.get("JENKINS_HOME")
2020-07-16 12:29:45.659+0000 [id=1]	INFO	o.e.j.s.handler.ContextHandler#doStart: Started w.@687a762c{Jenkins v2.235.2,/,file:///var/cache/jenkins/war/,AVAILABLE}{/var/cache/jenkins/war}
2020-07-16 12:29:45.718+0000 [id=1]	INFO	o.e.j.server.AbstractConnector#doStart: Started ServerConnector@126253fd{HTTP/1.1, (http/1.1)}{0.0.0.0:8080}
2020-07-16 12:29:45.718+0000 [id=1]	INFO	org.eclipse.jetty.server.Server#doStart: Started @6882ms
2020-07-16 12:29:45.728+0000 [id=20]	INFO	winstone.Logger#logInternal: Winstone Servlet Engine running: controlPort=disabled
2020-07-16 12:29:47.507+0000 [id=26]	INFO	jenkins.InitReactorRunner$1#onAttained: Started initialization
2020-07-16 12:29:47.577+0000 [id=26]	INFO	jenkins.InitReactorRunner$1#onAttained: Listed all plugins
2020-07-16 12:29:50.071+0000 [id=25]	INFO	jenkins.InitReactorRunner$1#onAttained: Prepared all plugins
2020-07-16 12:29:50.082+0000 [id=25]	INFO	jenkins.InitReactorRunner$1#onAttained: Started all plugins
2020-07-16 12:29:50.109+0000 [id=25]	INFO	jenkins.InitReactorRunner$1#onAttained: Augmented all extensions
2020-07-16 12:29:50.220+0000 [id=26]	INFO	jenkins.InitReactorRunner$1#onAttained: System config loaded
2020-07-16 12:29:50.220+0000 [id=26]	INFO	jenkins.InitReactorRunner$1#onAttained: System config adapted
2020-07-16 12:29:50.220+0000 [id=26]	INFO	jenkins.InitReactorRunner$1#onAttained: Loaded all jobs
2020-07-16 12:29:51.171+0000 [id=26]	INFO	jenkins.InitReactorRunner$1#onAttained: Configuration for all jobs updated
2020-07-16 12:29:51.205+0000 [id=39]	INFO	hudson.model.AsyncPeriodicWork#lambda$doRun$0: Started Download metadata
2020-07-16 12:29:51.227+0000 [id=39]	INFO	hudson.util.Retrier#start: Attempt #1 to do the action check updates server
2020-07-16 12:29:53.703+0000 [id=25]	INFO	o.s.c.s.AbstractApplicationContext#prepareRefresh: Refreshing org.springframework.web.context.support.StaticWebApplicationContext@16db473b: display name [Root WebApplicationContext]; startup date [Thu Jul 16 12:29:53 UTC 2020]; root of context hierarchy
2020-07-16 12:29:53.705+0000 [id=25]	INFO	o.s.c.s.AbstractApplicationContext#obtainFreshBeanFactory: Bean factory for application context [org.springframework.web.context.support.StaticWebApplicationContext@16db473b]: org.springframework.beans.factory.support.DefaultListableBeanFactory@235fc5d9
2020-07-16 12:29:53.743+0000 [id=25]	INFO	o.s.b.f.s.DefaultListableBeanFactory#preInstantiateSingletons: Pre-instantiating singletons in org.springframework.beans.factory.support.DefaultListableBeanFactory@235fc5d9: defining beans [authenticationManager]; root of factory hierarchy
2020-07-16 12:29:54.378+0000 [id=25]	INFO	o.s.c.s.AbstractApplicationContext#prepareRefresh: Refreshing org.springframework.web.context.support.StaticWebApplicationContext@7d1d5ac4: display name [Root WebApplicationContext]; startup date [Thu Jul 16 12:29:54 UTC 2020]; root of context hierarchy
2020-07-16 12:29:54.379+0000 [id=25]	INFO	o.s.c.s.AbstractApplicationContext#obtainFreshBeanFactory: Bean factory for application context [org.springframework.web.context.support.StaticWebApplicationContext@7d1d5ac4]: org.springframework.beans.factory.support.DefaultListableBeanFactory@600b3b24
2020-07-16 12:29:54.380+0000 [id=25]	INFO	o.s.b.f.s.DefaultListableBeanFactory#preInstantiateSingletons: Pre-instantiating singletons in org.springframework.beans.factory.support.DefaultListableBeanFactory@600b3b24: defining beans [filter,legacy]; root of factory hierarchy
2020-07-16 12:29:55.189+0000 [id=25]	INFO	jenkins.install.SetupWizard#init: 

*************************************************************
*************************************************************
*************************************************************

Jenkins initial setup is required. An admin user has been created and a password generated.
Please use the following password to proceed to installation:

748f12ae0bab46b7b58a377f95252404

This may also be found at: /var/lib/jenkins/secrets/initialAdminPassword

*************************************************************
*************************************************************
*************************************************************

2020-07-16 12:30:07.962+0000 [id=39]	INFO	h.m.DownloadService$Downloadable#load: Obtained the updated data file for hudson.tasks.Maven.MavenInstaller
2020-07-16 12:30:07.963+0000 [id=39]	INFO	hudson.util.Retrier#start: Performed the action check updates server successfully at the attempt #1
2020-07-16 12:30:07.976+0000 [id=39]	INFO	hudson.model.AsyncPeriodicWork#lambda$doRun$0: Finished Download metadata. 16,767 ms
2020-07-16 12:30:08.170+0000 [id=25]	INFO	jenkins.InitReactorRunner$1#onAttained: Completed initialization
2020-07-16 12:30:08.188+0000 [id=19]	INFO	hudson.WebAppMain$3#run: Jenkins is fully up and running
2020-07-16 12:34:15.791+0000 [id=15]	INFO	hudson.PluginManager#install: Starting installation of a batch of 20 plugins plus their dependencies
2020-07-16 12:34:15.793+0000 [id=15]	INFO	hudson.model.UpdateSite$Plugin#deploy: Adding dependent install of trilead-api for plugin cloudbees-folder
2020-07-16 12:34:15.793+0000 [id=15]	INFO	hudson.model.UpdateSite$Plugin#deploy: Adding dependent install of token-macro for plugin build-timeout
2020-07-16 12:34:15.794+0000 [id=15]	INFO	hudson.model.UpdateSite$Plugin#deploy: Adding dependent install of structs for plugin token-macro
2020-07-16 12:34:15.794+0000 [id=15]	INFO	hudson.model.UpdateSite$Plugin#deploy: Adding dependent install of jdk-tool for plugin structs
2020-07-16 12:34:15.794+0000 [id=15]	INFO	hudson.model.UpdateSite$Plugin#deploy: Adding dependent install of workflow-step-api for plugin token-macro
2020-07-16 12:34:15.794+0000 [id=15]	INFO	hudson.model.UpdateSite$Plugin#deploy: Adding dependent install of plain-credentials for plugin credentials-binding
2020-07-16 12:34:15.794+0000 [id=15]	INFO	hudson.model.UpdateSite$Plugin#deploy: Adding dependent install of credentials for plugin plain-credentials
2020-07-16 12:34:15.795+0000 [id=15]	INFO	hudson.model.UpdateSite$Plugin#deploy: Adding dependent install of ssh-credentials for plugin credentials-binding
2020-07-16 12:34:15.795+0000 [id=15]	INFO	hudson.model.UpdateSite$Plugin#deploy: Adding dependent install of workflow-api for plugin timestamper
2020-07-16 12:34:15.795+0000 [id=15]	INFO	hudson.model.UpdateSite$Plugin#deploy: Adding dependent install of scm-api for plugin workflow-api
2020-07-16 12:34:15.795+0000 [id=15]	INFO	hudson.model.UpdateSite$Plugin#deploy: Adding dependent install of script-security for plugin ws-cleanup
2020-07-16 12:34:15.795+0000 [id=15]	INFO	hudson.model.UpdateSite$Plugin#deploy: Adding dependent install of workflow-durable-task-step for plugin ws-cleanup
2020-07-16 12:34:15.796+0000 [id=15]	INFO	hudson.model.UpdateSite$Plugin#deploy: Adding dependent install of workflow-support for plugin workflow-durable-task-step
2020-07-16 12:34:15.796+0000 [id=15]	INFO	hudson.model.UpdateSite$Plugin#deploy: Adding dependent install of durable-task for plugin workflow-durable-task-step
2020-07-16 12:34:15.796+0000 [id=15]	INFO	hudson.model.UpdateSite$Plugin#deploy: Adding dependent install of matrix-project for plugin ws-cleanup
2020-07-16 12:34:15.796+0000 [id=15]	INFO	hudson.model.UpdateSite$Plugin#deploy: Adding dependent install of junit for plugin matrix-project
2020-07-16 12:34:15.796+0000 [id=15]	INFO	hudson.model.UpdateSite$Plugin#deploy: Adding dependent install of resource-disposer for plugin ws-cleanup
2020-07-16 12:34:15.797+0000 [id=15]	INFO	hudson.model.UpdateSite$Plugin#deploy: Adding dependent install of command-launcher for plugin resource-disposer
2020-07-16 12:34:15.805+0000 [id=68]	INFO	h.model.UpdateCenter$DownloadJob#run: Starting the installation of trilead-api on behalf of admin
2020-07-16 12:34:15.808+0000 [id=15]	INFO	hudson.model.UpdateSite$Plugin#deploy: Adding dependent install of workflow-cps for plugin gradle
2020-07-16 12:34:15.809+0000 [id=15]	INFO	hudson.model.UpdateSite$Plugin#deploy: Adding dependent install of ace-editor for plugin workflow-cps
2020-07-16 12:34:15.809+0000 [id=15]	INFO	hudson.model.UpdateSite$Plugin#deploy: Adding dependent install of bouncycastle-api for plugin ace-editor
2020-07-16 12:34:15.813+0000 [id=15]	INFO	hudson.model.UpdateSite$Plugin#deploy: Adding dependent install of jquery-detached for plugin workflow-cps
2020-07-16 12:34:15.813+0000 [id=15]	INFO	hudson.model.UpdateSite$Plugin#deploy: Adding dependent install of workflow-scm-step for plugin workflow-cps
2020-07-16 12:34:15.814+0000 [id=15]	INFO	hudson.model.UpdateSite$Plugin#deploy: Adding dependent install of workflow-job for plugin gradle
2020-07-16 12:34:15.814+0000 [id=15]	INFO	hudson.model.UpdateSite$Plugin#deploy: Adding dependent install of workflow-basic-steps for plugin gradle
2020-07-16 12:34:15.814+0000 [id=15]	INFO	hudson.model.UpdateSite$Plugin#deploy: Adding dependent install of apache-httpcomponents-client-4-api for plugin workflow-basic-steps
2020-07-16 12:34:15.814+0000 [id=15]	INFO	hudson.model.UpdateSite$Plugin#deploy: Adding dependent install of mailer for plugin workflow-basic-steps
2020-07-16 12:34:15.815+0000 [id=15]	INFO	hudson.model.UpdateSite$Plugin#deploy: Adding dependent install of display-url-api for plugin mailer
2020-07-16 12:34:15.815+0000 [id=15]	INFO	hudson.model.UpdateSite$Plugin#deploy: Adding dependent install of pipeline-milestone-step for plugin workflow-aggregator
2020-07-16 12:34:15.822+0000 [id=15]	INFO	hudson.model.UpdateSite$Plugin#deploy: Adding dependent install of pipeline-stage-view for plugin workflow-aggregator
2020-07-16 12:34:15.823+0000 [id=15]	INFO	hudson.model.UpdateSite$Plugin#deploy: Adding dependent install of pipeline-rest-api for plugin pipeline-stage-view
2020-07-16 12:34:15.823+0000 [id=15]	INFO	hudson.model.UpdateSite$Plugin#deploy: Adding dependent install of jackson2-api for plugin pipeline-rest-api
2020-07-16 12:34:15.823+0000 [id=15]	INFO	hudson.model.UpdateSite$Plugin#deploy: Adding dependent install of snakeyaml-api for plugin jackson2-api
2020-07-16 12:34:15.823+0000 [id=15]	INFO	hudson.model.UpdateSite$Plugin#deploy: Adding dependent install of pipeline-graph-analysis for plugin pipeline-rest-api
2020-07-16 12:34:15.823+0000 [id=15]	INFO	hudson.model.UpdateSite$Plugin#deploy: Adding dependent install of pipeline-input-step for plugin pipeline-graph-analysis
2020-07-16 12:34:15.824+0000 [id=15]	INFO	hudson.model.UpdateSite$Plugin#deploy: Adding dependent install of pipeline-stage-step for plugin pipeline-graph-analysis
2020-07-16 12:34:15.824+0000 [id=15]	INFO	hudson.model.UpdateSite$Plugin#deploy: Adding dependent install of handlebars for plugin pipeline-stage-view
2020-07-16 12:34:15.824+0000 [id=15]	INFO	hudson.model.UpdateSite$Plugin#deploy: Adding dependent install of momentjs for plugin pipeline-stage-view
2020-07-16 12:34:15.824+0000 [id=15]	INFO	hudson.model.UpdateSite$Plugin#deploy: Adding dependent install of pipeline-build-step for plugin workflow-aggregator
2020-07-16 12:34:15.825+0000 [id=15]	INFO	hudson.model.UpdateSite$Plugin#deploy: Adding dependent install of pipeline-model-definition for plugin workflow-aggregator
2020-07-16 12:34:15.825+0000 [id=15]	INFO	hudson.model.UpdateSite$Plugin#deploy: Adding dependent install of pipeline-model-extensions for plugin pipeline-model-definition
2020-07-16 12:34:15.826+0000 [id=15]	INFO	hudson.model.UpdateSite$Plugin#deploy: Adding dependent install of pipeline-model-api for plugin pipeline-model-extensions
2020-07-16 12:34:15.826+0000 [id=15]	INFO	hudson.model.UpdateSite$Plugin#deploy: Adding dependent install of workflow-cps-global-lib for plugin pipeline-model-definition
2020-07-16 12:34:15.827+0000 [id=15]	INFO	hudson.model.UpdateSite$Plugin#deploy: Adding dependent install of git-server for plugin workflow-cps-global-lib
2020-07-16 12:34:15.828+0000 [id=15]	INFO	hudson.model.UpdateSite$Plugin#deploy: Adding dependent install of git-client for plugin git-server
2020-07-16 12:34:15.829+0000 [id=15]	INFO	hudson.model.UpdateSite$Plugin#deploy: Adding dependent install of jsch for plugin git-client
2020-07-16 12:34:15.829+0000 [id=15]	INFO	hudson.model.UpdateSite$Plugin#deploy: Adding dependent install of workflow-multibranch for plugin pipeline-model-definition
2020-07-16 12:34:15.829+0000 [id=15]	INFO	hudson.model.UpdateSite$Plugin#deploy: Adding dependent install of branch-api for plugin workflow-multibranch
2020-07-16 12:34:15.829+0000 [id=15]	INFO	hudson.model.UpdateSite$Plugin#deploy: Adding dependent install of pipeline-stage-tags-metadata for plugin pipeline-model-definition
2020-07-16 12:34:15.830+0000 [id=15]	INFO	hudson.model.UpdateSite$Plugin#deploy: Adding dependent install of lockable-resources for plugin workflow-aggregator
2020-07-16 12:34:15.831+0000 [id=15]	INFO	hudson.model.UpdateSite$Plugin#deploy: Adding dependent install of github-api for plugin github-branch-source
2020-07-16 12:34:15.831+0000 [id=15]	INFO	hudson.model.UpdateSite$Plugin#deploy: Adding dependent install of okhttp-api for plugin github-api
2020-07-16 12:34:15.831+0000 [id=15]	INFO	hudson.model.UpdateSite$Plugin#deploy: Adding dependent install of github for plugin github-branch-source
2020-07-16 12:34:15.832+0000 [id=15]	INFO	hudson.model.UpdateSite$Plugin#deploy: Adding dependent install of git for plugin github
2020-07-16 12:34:15.832+0000 [id=15]	INFO	hudson.model.UpdateSite$Plugin#deploy: Adding dependent install of mapdb-api for plugin subversion
2020-07-16 12:34:15.927+0000 [id=68]	INFO	h.m.UpdateCenter$UpdateCenterConfiguration#download: Downloading trilead-api
2020-07-16 12:34:16.179+0000 [id=68]	INFO	h.model.UpdateCenter$DownloadJob#run: Installation successful: trilead-api
2020-07-16 12:34:16.180+0000 [id=68]	INFO	h.model.UpdateCenter$DownloadJob#run: Starting the installation of cloudbees-folder on behalf of admin
2020-07-16 12:34:16.236+0000 [id=68]	INFO	h.m.UpdateCenter$UpdateCenterConfiguration#download: Downloading cloudbees-folder
2020-07-16 12:34:16.295+0000 [id=68]	INFO	h.model.UpdateCenter$DownloadJob#run: Installation successful: cloudbees-folder
2020-07-16 12:34:16.297+0000 [id=68]	INFO	h.model.UpdateCenter$DownloadJob#run: Starting the installation of antisamy-markup-formatter on behalf of admin
2020-07-16 12:34:16.354+0000 [id=68]	INFO	h.m.UpdateCenter$UpdateCenterConfiguration#download: Downloading antisamy-markup-formatter
2020-07-16 12:34:16.726+0000 [id=68]	INFO	h.model.UpdateCenter$DownloadJob#run: Installation successful: antisamy-markup-formatter
2020-07-16 12:34:16.726+0000 [id=68]	INFO	h.model.UpdateCenter$DownloadJob#run: Starting the installation of jdk-tool on behalf of admin
2020-07-16 12:34:16.818+0000 [id=68]	INFO	h.m.UpdateCenter$UpdateCenterConfiguration#download: Downloading jdk-tool
2020-07-16 12:34:16.877+0000 [id=68]	INFO	h.model.UpdateCenter$DownloadJob#run: Installation successful: jdk-tool
2020-07-16 12:34:16.877+0000 [id=68]	INFO	h.model.UpdateCenter$DownloadJob#run: Starting the installation of structs on behalf of admin
2020-07-16 12:34:16.934+0000 [id=68]	INFO	h.m.UpdateCenter$UpdateCenterConfiguration#download: Downloading structs
2020-07-16 12:34:16.952+0000 [id=68]	INFO	h.model.UpdateCenter$DownloadJob#run: Installation successful: structs
2020-07-16 12:34:16.953+0000 [id=68]	INFO	h.model.UpdateCenter$DownloadJob#run: Starting the installation of workflow-step-api on behalf of admin
2020-07-16 12:34:17.023+0000 [id=68]	INFO	h.m.UpdateCenter$UpdateCenterConfiguration#download: Downloading workflow-step-api
2020-07-16 12:34:17.058+0000 [id=68]	INFO	h.model.UpdateCenter$DownloadJob#run: Installation successful: workflow-step-api
2020-07-16 12:34:17.058+0000 [id=68]	INFO	h.model.UpdateCenter$DownloadJob#run: Starting the installation of token-macro on behalf of admin
2020-07-16 12:34:17.114+0000 [id=68]	INFO	h.m.UpdateCenter$UpdateCenterConfiguration#download: Downloading token-macro
2020-07-16 12:34:17.228+0000 [id=68]	INFO	h.model.UpdateCenter$DownloadJob#run: Installation successful: token-macro
2020-07-16 12:34:17.228+0000 [id=68]	INFO	h.model.UpdateCenter$DownloadJob#run: Starting the installation of build-timeout on behalf of admin
2020-07-16 12:34:17.297+0000 [id=68]	INFO	h.m.UpdateCenter$UpdateCenterConfiguration#download: Downloading build-timeout
2020-07-16 12:34:17.337+0000 [id=68]	INFO	h.model.UpdateCenter$DownloadJob#run: Installation successful: build-timeout
2020-07-16 12:34:17.337+0000 [id=68]	INFO	h.model.UpdateCenter$DownloadJob#run: Starting the installation of credentials on behalf of admin
2020-07-16 12:34:17.394+0000 [id=68]	INFO	h.m.UpdateCenter$UpdateCenterConfiguration#download: Downloading credentials
2020-07-16 12:34:17.598+0000 [id=68]	INFO	h.model.UpdateCenter$DownloadJob#run: Installation successful: credentials
2020-07-16 12:34:17.598+0000 [id=68]	INFO	h.model.UpdateCenter$DownloadJob#run: Starting the installation of plain-credentials on behalf of admin
2020-07-16 12:34:17.667+0000 [id=68]	INFO	h.m.UpdateCenter$UpdateCenterConfiguration#download: Downloading plain-credentials
2020-07-16 12:34:17.686+0000 [id=68]	INFO	h.model.UpdateCenter$DownloadJob#run: Installation successful: plain-credentials
2020-07-16 12:34:17.689+0000 [id=68]	INFO	h.model.UpdateCenter$DownloadJob#run: Starting the installation of ssh-credentials on behalf of admin
2020-07-16 12:34:17.746+0000 [id=68]	INFO	h.m.UpdateCenter$UpdateCenterConfiguration#download: Downloading ssh-credentials
2020-07-16 12:34:17.772+0000 [id=68]	INFO	h.model.UpdateCenter$DownloadJob#run: Installation successful: ssh-credentials
2020-07-16 12:34:17.772+0000 [id=68]	INFO	h.model.UpdateCenter$DownloadJob#run: Starting the installation of credentials-binding on behalf of admin
2020-07-16 12:34:17.831+0000 [id=68]	INFO	h.m.UpdateCenter$UpdateCenterConfiguration#download: Downloading credentials-binding
2020-07-16 12:34:17.850+0000 [id=68]	INFO	h.model.UpdateCenter$DownloadJob#run: Installation successful: credentials-binding
2020-07-16 12:34:17.850+0000 [id=68]	INFO	h.model.UpdateCenter$DownloadJob#run: Starting the installation of scm-api on behalf of admin
2020-07-16 12:34:17.908+0000 [id=68]	INFO	h.m.UpdateCenter$UpdateCenterConfiguration#download: Downloading scm-api
2020-07-16 12:34:17.942+0000 [id=68]	INFO	h.model.UpdateCenter$DownloadJob#run: Installation successful: scm-api
2020-07-16 12:34:17.942+0000 [id=68]	INFO	h.model.UpdateCenter$DownloadJob#run: Starting the installation of workflow-api on behalf of admin
2020-07-16 12:34:17.998+0000 [id=68]	INFO	h.m.UpdateCenter$UpdateCenterConfiguration#download: Downloading workflow-api
2020-07-16 12:34:18.028+0000 [id=68]	INFO	h.model.UpdateCenter$DownloadJob#run: Installation successful: workflow-api
2020-07-16 12:34:18.030+0000 [id=68]	INFO	h.model.UpdateCenter$DownloadJob#run: Starting the installation of timestamper on behalf of admin
2020-07-16 12:34:18.088+0000 [id=68]	INFO	h.m.UpdateCenter$UpdateCenterConfiguration#download: Downloading timestamper
2020-07-16 12:34:18.133+0000 [id=9]	INFO	hudson.PluginManager#install: Starting installation of a batch of 20 plugins plus their dependencies
2020-07-16 12:34:18.212+0000 [id=68]	INFO	h.model.UpdateCenter$DownloadJob#run: Installation successful: timestamper
2020-07-16 12:34:18.212+0000 [id=68]	INFO	h.model.UpdateCenter$DownloadJob#run: Starting the installation of script-security on behalf of admin
2020-07-16 12:34:18.271+0000 [id=68]	INFO	h.m.UpdateCenter$UpdateCenterConfiguration#download: Downloading script-security
2020-07-16 12:34:18.400+0000 [id=68]	INFO	h.model.UpdateCenter$DownloadJob#run: Installation successful: script-security
2020-07-16 12:34:18.400+0000 [id=68]	INFO	h.model.UpdateCenter$DownloadJob#run: Starting the installation of workflow-support on behalf of admin
2020-07-16 12:34:18.459+0000 [id=68]	INFO	h.m.UpdateCenter$UpdateCenterConfiguration#download: Downloading workflow-support
2020-07-16 12:34:18.508+0000 [id=68]	INFO	h.model.UpdateCenter$DownloadJob#run: Installation successful: workflow-support
2020-07-16 12:34:18.509+0000 [id=68]	INFO	h.model.UpdateCenter$DownloadJob#run: Starting the installation of durable-task on behalf of admin
2020-07-16 12:34:18.580+0000 [id=68]	INFO	h.m.UpdateCenter$UpdateCenterConfiguration#download: Downloading durable-task
2020-07-16 12:34:19.855+0000 [id=68]	INFO	h.model.UpdateCenter$DownloadJob#run: Installation successful: durable-task
2020-07-16 12:34:19.855+0000 [id=68]	INFO	h.model.UpdateCenter$DownloadJob#run: Starting the installation of workflow-durable-task-step on behalf of admin
2020-07-16 12:34:19.917+0000 [id=68]	INFO	h.m.UpdateCenter$UpdateCenterConfiguration#download: Downloading workflow-durable-task-step
2020-07-16 12:34:19.944+0000 [id=68]	INFO	h.model.UpdateCenter$DownloadJob#run: Installation successful: workflow-durable-task-step
2020-07-16 12:34:19.945+0000 [id=68]	INFO	h.model.UpdateCenter$DownloadJob#run: Starting the installation of junit on behalf of admin
2020-07-16 12:34:20.002+0000 [id=68]	INFO	h.m.UpdateCenter$UpdateCenterConfiguration#download: Downloading junit
2020-07-16 12:34:20.055+0000 [id=68]	INFO	h.model.UpdateCenter$DownloadJob#run: Installation successful: junit
2020-07-16 12:34:20.055+0000 [id=68]	INFO	h.model.UpdateCenter$DownloadJob#run: Starting the installation of matrix-project on behalf of admin
2020-07-16 12:34:20.130+0000 [id=68]	INFO	h.m.UpdateCenter$UpdateCenterConfiguration#download: Downloading matrix-project
2020-07-16 12:34:20.211+0000 [id=68]	INFO	h.model.UpdateCenter$DownloadJob#run: Installation successful: matrix-project
2020-07-16 12:34:20.217+0000 [id=68]	INFO	h.model.UpdateCenter$DownloadJob#run: Starting the installation of command-launcher on behalf of admin
2020-07-16 12:34:20.288+0000 [id=68]	INFO	h.m.UpdateCenter$UpdateCenterConfiguration#download: Downloading command-launcher
2020-07-16 12:34:20.303+0000 [id=68]	INFO	h.model.UpdateCenter$DownloadJob#run: Installation successful: command-launcher
2020-07-16 12:34:20.303+0000 [id=68]	INFO	h.model.UpdateCenter$DownloadJob#run: Starting the installation of resource-disposer on behalf of admin
2020-07-16 12:34:20.373+0000 [id=68]	INFO	h.m.UpdateCenter$UpdateCenterConfiguration#download: Downloading resource-disposer
2020-07-16 12:34:20.385+0000 [id=68]	INFO	h.model.UpdateCenter$DownloadJob#run: Installation successful: resource-disposer
2020-07-16 12:34:20.386+0000 [id=68]	INFO	h.model.UpdateCenter$DownloadJob#run: Starting the installation of ws-cleanup on behalf of admin
2020-07-16 12:34:20.442+0000 [id=68]	INFO	h.m.UpdateCenter$UpdateCenterConfiguration#download: Downloading ws-cleanup
2020-07-16 12:34:20.999+0000 [id=68]	INFO	h.model.UpdateCenter$DownloadJob#run: Installation successful: ws-cleanup
2020-07-16 12:34:20.999+0000 [id=68]	INFO	h.model.UpdateCenter$DownloadJob#run: Starting the installation of ant on behalf of admin
2020-07-16 12:34:21.068+0000 [id=68]	INFO	h.m.UpdateCenter$UpdateCenterConfiguration#download: Downloading ant
2020-07-16 12:34:21.122+0000 [id=68]	INFO	h.model.UpdateCenter$DownloadJob#run: Installation successful: ant
2020-07-16 12:34:21.122+0000 [id=68]	INFO	h.model.UpdateCenter$DownloadJob#run: Starting the installation of bouncycastle-api on behalf of admin
2020-07-16 12:34:21.180+0000 [id=68]	INFO	h.m.UpdateCenter$UpdateCenterConfiguration#download: Downloading bouncycastle-api
2020-07-16 12:34:22.193+0000 [id=68]	INFO	h.model.UpdateCenter$DownloadJob#run: Installation successful: bouncycastle-api
2020-07-16 12:34:22.193+0000 [id=68]	INFO	h.model.UpdateCenter$DownloadJob#run: Starting the installation of ace-editor on behalf of admin
2020-07-16 12:34:22.249+0000 [id=68]	INFO	h.m.UpdateCenter$UpdateCenterConfiguration#download: Downloading ace-editor
2020-07-16 12:34:23.078+0000 [id=68]	INFO	h.model.UpdateCenter$DownloadJob#run: Installation successful: ace-editor
2020-07-16 12:34:23.081+0000 [id=68]	INFO	h.model.UpdateCenter$DownloadJob#run: Starting the installation of jquery-detached on behalf of admin
2020-07-16 12:34:23.138+0000 [id=68]	INFO	h.m.UpdateCenter$UpdateCenterConfiguration#download: Downloading jquery-detached
2020-07-16 12:34:23.199+0000 [id=68]	INFO	h.model.UpdateCenter$DownloadJob#run: Installation successful: jquery-detached
2020-07-16 12:34:23.199+0000 [id=68]	INFO	h.model.UpdateCenter$DownloadJob#run: Starting the installation of workflow-scm-step on behalf of admin
2020-07-16 12:34:23.268+0000 [id=68]	INFO	h.m.UpdateCenter$UpdateCenterConfiguration#download: Downloading workflow-scm-step
2020-07-16 12:34:23.295+0000 [id=68]	INFO	h.model.UpdateCenter$DownloadJob#run: Installation successful: workflow-scm-step
2020-07-16 12:34:23.297+0000 [id=68]	INFO	h.model.UpdateCenter$DownloadJob#run: Starting the installation of workflow-cps on behalf of admin
2020-07-16 12:34:23.365+0000 [id=68]	INFO	h.m.UpdateCenter$UpdateCenterConfiguration#download: Downloading workflow-cps
2020-07-16 12:34:23.542+0000 [id=68]	INFO	h.model.UpdateCenter$DownloadJob#run: Installation successful: workflow-cps
2020-07-16 12:34:23.542+0000 [id=68]	INFO	h.model.UpdateCenter$DownloadJob#run: Starting the installation of workflow-job on behalf of admin
2020-07-16 12:34:23.598+0000 [id=68]	INFO	h.m.UpdateCenter$UpdateCenterConfiguration#download: Downloading workflow-job
2020-07-16 12:34:23.629+0000 [id=68]	INFO	h.model.UpdateCenter$DownloadJob#run: Installation successful: workflow-job
2020-07-16 12:34:23.633+0000 [id=68]	INFO	h.model.UpdateCenter$DownloadJob#run: Starting the installation of apache-httpcomponents-client-4-api on behalf of admin
2020-07-16 12:34:23.691+0000 [id=68]	INFO	h.m.UpdateCenter$UpdateCenterConfiguration#download: Downloading apache-httpcomponents-client-4-api
2020-07-16 12:34:23.828+0000 [id=68]	INFO	h.model.UpdateCenter$DownloadJob#run: Installation successful: apache-httpcomponents-client-4-api
2020-07-16 12:34:23.828+0000 [id=68]	INFO	h.model.UpdateCenter$DownloadJob#run: Starting the installation of display-url-api on behalf of admin
2020-07-16 12:34:23.897+0000 [id=68]	INFO	h.m.UpdateCenter$UpdateCenterConfiguration#download: Downloading display-url-api
2020-07-16 12:34:23.902+0000 [id=68]	INFO	h.model.UpdateCenter$DownloadJob#run: Installation successful: display-url-api
2020-07-16 12:34:23.902+0000 [id=68]	INFO	h.model.UpdateCenter$DownloadJob#run: Starting the installation of mailer on behalf of admin
2020-07-16 12:34:23.962+0000 [id=68]	INFO	h.m.UpdateCenter$UpdateCenterConfiguration#download: Downloading mailer
2020-07-16 12:34:23.976+0000 [id=68]	INFO	h.model.UpdateCenter$DownloadJob#run: Installation successful: mailer
2020-07-16 12:34:23.976+0000 [id=68]	INFO	h.model.UpdateCenter$DownloadJob#run: Starting the installation of workflow-basic-steps on behalf of admin
2020-07-16 12:34:24.045+0000 [id=68]	INFO	h.m.UpdateCenter$UpdateCenterConfiguration#download: Downloading workflow-basic-steps
2020-07-16 12:34:24.095+0000 [id=68]	INFO	h.model.UpdateCenter$DownloadJob#run: Installation successful: workflow-basic-steps
2020-07-16 12:34:24.095+0000 [id=68]	INFO	h.model.UpdateCenter$DownloadJob#run: Starting the installation of gradle on behalf of admin
2020-07-16 12:34:24.169+0000 [id=68]	INFO	h.m.UpdateCenter$UpdateCenterConfiguration#download: Downloading gradle
2020-07-16 12:34:24.186+0000 [id=68]	INFO	h.model.UpdateCenter$DownloadJob#run: Installation successful: gradle
2020-07-16 12:34:24.186+0000 [id=68]	INFO	h.model.UpdateCenter$DownloadJob#run: Starting the installation of pipeline-milestone-step on behalf of admin
2020-07-16 12:34:24.255+0000 [id=68]	INFO	h.m.UpdateCenter$UpdateCenterConfiguration#download: Downloading pipeline-milestone-step
2020-07-16 12:34:24.260+0000 [id=68]	INFO	h.model.UpdateCenter$DownloadJob#run: Installation successful: pipeline-milestone-step
2020-07-16 12:34:24.260+0000 [id=68]	INFO	h.model.UpdateCenter$DownloadJob#run: Starting the installation of snakeyaml-api on behalf of admin
2020-07-16 12:34:24.330+0000 [id=68]	INFO	h.m.UpdateCenter$UpdateCenterConfiguration#download: Downloading snakeyaml-api
2020-07-16 12:34:24.385+0000 [id=68]	INFO	h.model.UpdateCenter$DownloadJob#run: Installation successful: snakeyaml-api
2020-07-16 12:34:24.386+0000 [id=68]	INFO	h.model.UpdateCenter$DownloadJob#run: Starting the installation of jackson2-api on behalf of admin
2020-07-16 12:34:24.456+0000 [id=68]	INFO	h.m.UpdateCenter$UpdateCenterConfiguration#download: Downloading jackson2-api
2020-07-16 12:34:24.910+0000 [id=68]	INFO	h.model.UpdateCenter$DownloadJob#run: Installation successful: jackson2-api
2020-07-16 12:34:24.912+0000 [id=68]	INFO	h.model.UpdateCenter$DownloadJob#run: Starting the installation of pipeline-input-step on behalf of admin
2020-07-16 12:34:24.969+0000 [id=68]	INFO	h.m.UpdateCenter$UpdateCenterConfiguration#download: Downloading pipeline-input-step
2020-07-16 12:34:24.975+0000 [id=68]	INFO	h.model.UpdateCenter$DownloadJob#run: Installation successful: pipeline-input-step
2020-07-16 12:34:24.976+0000 [id=68]	INFO	h.model.UpdateCenter$DownloadJob#run: Starting the installation of pipeline-stage-step on behalf of admin
2020-07-16 12:34:25.046+0000 [id=68]	INFO	h.m.UpdateCenter$UpdateCenterConfiguration#download: Downloading pipeline-stage-step
2020-07-16 12:34:25.054+0000 [id=68]	INFO	h.model.UpdateCenter$DownloadJob#run: Installation successful: pipeline-stage-step
2020-07-16 12:34:25.054+0000 [id=68]	INFO	h.model.UpdateCenter$DownloadJob#run: Starting the installation of pipeline-graph-analysis on behalf of admin
2020-07-16 12:34:25.123+0000 [id=68]	INFO	h.m.UpdateCenter$UpdateCenterConfiguration#download: Downloading pipeline-graph-analysis
2020-07-16 12:34:25.135+0000 [id=68]	INFO	h.model.UpdateCenter$DownloadJob#run: Installation successful: pipeline-graph-analysis
2020-07-16 12:34:25.135+0000 [id=68]	INFO	h.model.UpdateCenter$DownloadJob#run: Starting the installation of pipeline-rest-api on behalf of admin
2020-07-16 12:34:25.193+0000 [id=68]	INFO	h.m.UpdateCenter$UpdateCenterConfiguration#download: Downloading pipeline-rest-api
2020-07-16 12:34:25.225+0000 [id=68]	INFO	h.model.UpdateCenter$DownloadJob#run: Installation successful: pipeline-rest-api
2020-07-16 12:34:25.225+0000 [id=68]	INFO	h.model.UpdateCenter$DownloadJob#run: Starting the installation of handlebars on behalf of admin
2020-07-16 12:34:25.281+0000 [id=68]	INFO	h.m.UpdateCenter$UpdateCenterConfiguration#download: Downloading handlebars
2020-07-16 12:34:25.299+0000 [id=68]	INFO	h.model.UpdateCenter$DownloadJob#run: Installation successful: handlebars
2020-07-16 12:34:25.301+0000 [id=68]	INFO	h.model.UpdateCenter$DownloadJob#run: Starting the installation of momentjs on behalf of admin
2020-07-16 12:34:25.358+0000 [id=68]	INFO	h.m.UpdateCenter$UpdateCenterConfiguration#download: Downloading momentjs
2020-07-16 12:34:25.367+0000 [id=68]	INFO	h.model.UpdateCenter$DownloadJob#run: Installation successful: momentjs
2020-07-16 12:34:25.367+0000 [id=68]	INFO	h.model.UpdateCenter$DownloadJob#run: Starting the installation of pipeline-stage-view on behalf of admin
2020-07-16 12:34:25.443+0000 [id=68]	INFO	h.m.UpdateCenter$UpdateCenterConfiguration#download: Downloading pipeline-stage-view
2020-07-16 12:34:25.515+0000 [id=68]	INFO	h.model.UpdateCenter$DownloadJob#run: Installation successful: pipeline-stage-view
2020-07-16 12:34:25.515+0000 [id=68]	INFO	h.model.UpdateCenter$DownloadJob#run: Starting the installation of pipeline-build-step on behalf of admin
2020-07-16 12:34:25.571+0000 [id=68]	INFO	h.m.UpdateCenter$UpdateCenterConfiguration#download: Downloading pipeline-build-step
2020-07-16 12:34:25.581+0000 [id=68]	INFO	h.model.UpdateCenter$DownloadJob#run: Installation successful: pipeline-build-step
2020-07-16 12:34:25.581+0000 [id=68]	INFO	h.model.UpdateCenter$DownloadJob#run: Starting the installation of pipeline-model-api on behalf of admin
2020-07-16 12:34:25.640+0000 [id=68]	INFO	h.m.UpdateCenter$UpdateCenterConfiguration#download: Downloading pipeline-model-api
2020-07-16 12:34:25.822+0000 [id=68]	INFO	h.model.UpdateCenter$DownloadJob#run: Installation successful: pipeline-model-api
2020-07-16 12:34:25.822+0000 [id=68]	INFO	h.model.UpdateCenter$DownloadJob#run: Starting the installation of pipeline-model-extensions on behalf of admin
2020-07-16 12:34:25.879+0000 [id=68]	INFO	h.m.UpdateCenter$UpdateCenterConfiguration#download: Downloading pipeline-model-extensions
2020-07-16 12:34:25.891+0000 [id=68]	INFO	h.model.UpdateCenter$DownloadJob#run: Installation successful: pipeline-model-extensions
2020-07-16 12:34:25.891+0000 [id=68]	INFO	h.model.UpdateCenter$DownloadJob#run: Starting the installation of jsch on behalf of admin
2020-07-16 12:34:25.961+0000 [id=68]	INFO	h.m.UpdateCenter$UpdateCenterConfiguration#download: Downloading jsch
2020-07-16 12:34:26.062+0000 [id=68]	INFO	h.model.UpdateCenter$DownloadJob#run: Installation successful: jsch
2020-07-16 12:34:26.064+0000 [id=68]	INFO	h.model.UpdateCenter$DownloadJob#run: Starting the installation of git-client on behalf of admin
2020-07-16 12:34:26.120+0000 [id=68]	INFO	h.m.UpdateCenter$UpdateCenterConfiguration#download: Downloading git-client
2020-07-16 12:34:26.349+0000 [id=68]	INFO	h.model.UpdateCenter$DownloadJob#run: Installation successful: git-client
2020-07-16 12:34:26.349+0000 [id=68]	INFO	h.model.UpdateCenter$DownloadJob#run: Starting the installation of git-server on behalf of admin
2020-07-16 12:34:26.418+0000 [id=68]	INFO	h.m.UpdateCenter$UpdateCenterConfiguration#download: Downloading git-server
2020-07-16 12:34:26.426+0000 [id=68]	INFO	h.model.UpdateCenter$DownloadJob#run: Installation successful: git-server
2020-07-16 12:34:26.427+0000 [id=68]	INFO	h.model.UpdateCenter$DownloadJob#run: Starting the installation of workflow-cps-global-lib on behalf of admin
2020-07-16 12:34:26.497+0000 [id=68]	INFO	h.m.UpdateCenter$UpdateCenterConfiguration#download: Downloading workflow-cps-global-lib
2020-07-16 12:34:26.896+0000 [id=68]	INFO	h.model.UpdateCenter$DownloadJob#run: Installation successful: workflow-cps-global-lib
2020-07-16 12:34:26.896+0000 [id=68]	INFO	h.model.UpdateCenter$DownloadJob#run: Starting the installation of branch-api on behalf of admin
2020-07-16 12:34:26.966+0000 [id=68]	INFO	h.m.UpdateCenter$UpdateCenterConfiguration#download: Downloading branch-api
2020-07-16 12:34:27.031+0000 [id=68]	INFO	h.model.UpdateCenter$DownloadJob#run: Installation successful: branch-api
2020-07-16 12:34:27.034+0000 [id=68]	INFO	h.model.UpdateCenter$DownloadJob#run: Starting the installation of workflow-multibranch on behalf of admin
2020-07-16 12:34:27.106+0000 [id=68]	INFO	h.m.UpdateCenter$UpdateCenterConfiguration#download: Downloading workflow-multibranch
2020-07-16 12:34:27.123+0000 [id=68]	INFO	h.model.UpdateCenter$DownloadJob#run: Installation successful: workflow-multibranch
2020-07-16 12:34:27.123+0000 [id=68]	INFO	h.model.UpdateCenter$DownloadJob#run: Starting the installation of pipeline-stage-tags-metadata on behalf of admin
2020-07-16 12:34:27.192+0000 [id=68]	INFO	h.m.UpdateCenter$UpdateCenterConfiguration#download: Downloading pipeline-stage-tags-metadata
2020-07-16 12:34:27.198+0000 [id=68]	INFO	h.model.UpdateCenter$DownloadJob#run: Installation successful: pipeline-stage-tags-metadata
2020-07-16 12:34:27.198+0000 [id=68]	INFO	h.model.UpdateCenter$DownloadJob#run: Starting the installation of pipeline-model-definition on behalf of admin
2020-07-16 12:34:27.263+0000 [id=68]	INFO	h.m.UpdateCenter$UpdateCenterConfiguration#download: Downloading pipeline-model-definition
2020-07-16 12:34:27.372+0000 [id=68]	INFO	h.model.UpdateCenter$DownloadJob#run: Installation successful: pipeline-model-definition
2020-07-16 12:34:27.375+0000 [id=68]	INFO	h.model.UpdateCenter$DownloadJob#run: Starting the installation of lockable-resources on behalf of admin
2020-07-16 12:34:27.443+0000 [id=68]	INFO	h.m.UpdateCenter$UpdateCenterConfiguration#download: Downloading lockable-resources
2020-07-16 12:34:27.476+0000 [id=68]	INFO	h.model.UpdateCenter$DownloadJob#run: Installation successful: lockable-resources
2020-07-16 12:34:27.479+0000 [id=68]	INFO	h.model.UpdateCenter$DownloadJob#run: Starting the installation of workflow-aggregator on behalf of admin
2020-07-16 12:34:27.536+0000 [id=68]	INFO	h.m.UpdateCenter$UpdateCenterConfiguration#download: Downloading workflow-aggregator
2020-07-16 12:34:27.542+0000 [id=68]	INFO	h.model.UpdateCenter$DownloadJob#run: Installation successful: workflow-aggregator
2020-07-16 12:34:27.542+0000 [id=68]	INFO	h.model.UpdateCenter$DownloadJob#run: Starting the installation of okhttp-api on behalf of admin
2020-07-16 12:34:27.601+0000 [id=68]	INFO	h.m.UpdateCenter$UpdateCenterConfiguration#download: Downloading okhttp-api
2020-07-16 12:34:27.646+0000 [id=68]	INFO	h.model.UpdateCenter$DownloadJob#run: Installation successful: okhttp-api
2020-07-16 12:34:27.646+0000 [id=68]	INFO	h.model.UpdateCenter$DownloadJob#run: Starting the installation of github-api on behalf of admin
2020-07-16 12:34:27.704+0000 [id=68]	INFO	h.m.UpdateCenter$UpdateCenterConfiguration#download: Downloading github-api
2020-07-16 12:34:27.848+0000 [id=68]	INFO	h.model.UpdateCenter$DownloadJob#run: Installation successful: github-api
2020-07-16 12:34:27.849+0000 [id=68]	INFO	h.model.UpdateCenter$DownloadJob#run: Starting the installation of git on behalf of admin
2020-07-16 12:34:27.911+0000 [id=68]	INFO	h.m.UpdateCenter$UpdateCenterConfiguration#download: Downloading git
2020-07-16 12:34:27.990+0000 [id=68]	INFO	h.model.UpdateCenter$DownloadJob#run: Installation successful: git
2020-07-16 12:34:27.990+0000 [id=68]	INFO	h.model.UpdateCenter$DownloadJob#run: Starting the installation of github on behalf of admin
2020-07-16 12:34:28.062+0000 [id=68]	INFO	h.m.UpdateCenter$UpdateCenterConfiguration#download: Downloading github
2020-07-16 12:34:28.260+0000 [id=68]	INFO	h.model.UpdateCenter$DownloadJob#run: Installation successful: github
2020-07-16 12:34:28.260+0000 [id=68]	INFO	h.model.UpdateCenter$DownloadJob#run: Starting the installation of github-branch-source on behalf of admin
2020-07-16 12:34:28.329+0000 [id=68]	INFO	h.m.UpdateCenter$UpdateCenterConfiguration#download: Downloading github-branch-source
2020-07-16 12:34:28.433+0000 [id=68]	INFO	h.model.UpdateCenter$DownloadJob#run: Installation successful: github-branch-source
2020-07-16 12:34:28.433+0000 [id=68]	INFO	h.model.UpdateCenter$DownloadJob#run: Starting the installation of pipeline-github-lib on behalf of admin
2020-07-16 12:34:28.502+0000 [id=68]	INFO	h.m.UpdateCenter$UpdateCenterConfiguration#download: Downloading pipeline-github-lib
2020-07-16 12:34:28.507+0000 [id=68]	INFO	h.model.UpdateCenter$DownloadJob#run: Installation successful: pipeline-github-lib
2020-07-16 12:34:28.507+0000 [id=68]	INFO	h.model.UpdateCenter$DownloadJob#run: Starting the installation of pipeline-stage-view on behalf of admin
2020-07-16 12:34:28.507+0000 [id=68]	INFO	h.m.UpdateCenter$InstallationJob#_run: Skipping duplicate install of: Pipeline: Stage View@2.13
2020-07-16 12:34:28.507+0000 [id=68]	INFO	h.model.UpdateCenter$DownloadJob#run: Installation successful: pipeline-stage-view
2020-07-16 12:34:28.507+0000 [id=68]	INFO	h.model.UpdateCenter$DownloadJob#run: Starting the installation of git on behalf of admin
2020-07-16 12:34:28.507+0000 [id=68]	INFO	h.m.UpdateCenter$InstallationJob#_run: Skipping duplicate install of: Git@4.3.0
2020-07-16 12:34:28.507+0000 [id=68]	INFO	h.model.UpdateCenter$DownloadJob#run: Installation successful: git
2020-07-16 12:34:28.508+0000 [id=68]	INFO	h.model.UpdateCenter$DownloadJob#run: Starting the installation of mapdb-api on behalf of admin
2020-07-16 12:34:28.565+0000 [id=68]	INFO	h.m.UpdateCenter$UpdateCenterConfiguration#download: Downloading mapdb-api
2020-07-16 12:34:28.621+0000 [id=68]	INFO	h.model.UpdateCenter$DownloadJob#run: Installation successful: mapdb-api
2020-07-16 12:34:28.621+0000 [id=68]	INFO	h.model.UpdateCenter$DownloadJob#run: Starting the installation of subversion on behalf of admin
2020-07-16 12:34:28.677+0000 [id=68]	INFO	h.m.UpdateCenter$UpdateCenterConfiguration#download: Downloading subversion
2020-07-16 12:34:29.394+0000 [id=68]	INFO	h.model.UpdateCenter$DownloadJob#run: Installation successful: subversion
2020-07-16 12:34:29.394+0000 [id=68]	INFO	h.model.UpdateCenter$DownloadJob#run: Starting the installation of ssh-slaves on behalf of admin
2020-07-16 12:34:29.452+0000 [id=68]	INFO	h.m.UpdateCenter$UpdateCenterConfiguration#download: Downloading ssh-slaves
2020-07-16 12:34:29.479+0000 [id=68]	INFO	h.model.UpdateCenter$DownloadJob#run: Installation successful: ssh-slaves
2020-07-16 12:34:29.481+0000 [id=68]	INFO	h.model.UpdateCenter$DownloadJob#run: Starting the installation of matrix-auth on behalf of admin
2020-07-16 12:34:29.538+0000 [id=68]	INFO	h.m.UpdateCenter$UpdateCenterConfiguration#download: Downloading matrix-auth
2020-07-16 12:34:29.549+0000 [id=68]	INFO	h.model.UpdateCenter$DownloadJob#run: Installation successful: matrix-auth
2020-07-16 12:34:29.550+0000 [id=68]	INFO	h.model.UpdateCenter$DownloadJob#run: Starting the installation of pam-auth on behalf of admin
2020-07-16 12:34:29.618+0000 [id=68]	INFO	h.m.UpdateCenter$UpdateCenterConfiguration#download: Downloading pam-auth
2020-07-16 12:34:30.004+0000 [id=68]	INFO	h.model.UpdateCenter$DownloadJob#run: Installation successful: pam-auth
2020-07-16 12:34:30.004+0000 [id=68]	INFO	h.model.UpdateCenter$DownloadJob#run: Starting the installation of ldap on behalf of admin
2020-07-16 12:34:30.060+0000 [id=68]	INFO	h.m.UpdateCenter$UpdateCenterConfiguration#download: Downloading ldap
2020-07-16 12:34:30.095+0000 [id=68]	INFO	h.model.UpdateCenter$DownloadJob#run: Installation successful: ldap
2020-07-16 12:34:30.095+0000 [id=68]	INFO	h.model.UpdateCenter$DownloadJob#run: Starting the installation of email-ext on behalf of admin
2020-07-16 12:34:30.152+0000 [id=68]	INFO	h.m.UpdateCenter$UpdateCenterConfiguration#download: Downloading email-ext
2020-07-16 12:34:30.250+0000 [id=68]	INFO	h.model.UpdateCenter$DownloadJob#run: Installation successful: email-ext
2020-07-16 12:34:30.250+0000 [id=68]	INFO	h.model.UpdateCenter$DownloadJob#run: Starting the installation of mailer on behalf of admin
2020-07-16 12:34:30.250+0000 [id=68]	INFO	h.m.UpdateCenter$InstallationJob#_run: Skipping duplicate install of: Mailer@1.32
2020-07-16 12:34:30.250+0000 [id=68]	INFO	h.model.UpdateCenter$DownloadJob#run: Installation successful: mailer
2020-07-16 12:34:30.250+0000 [id=68]	INFO	h.m.UpdateCenter$CompleteBatchJob#run: Completing installing of plugin batch…
2020-07-16 12:34:36.715+0000 [id=68]	INFO	h.m.DownloadService$Downloadable#load: Obtained the updated data file for hudson.tools.JDKInstaller
2020-07-16 12:34:37.130+0000 [id=68]	INFO	h.m.DownloadService$Downloadable#load: Obtained the updated data file for hudson.tasks.Ant.AntInstaller
2020-07-16 12:34:37.374+0000 [id=68]	INFO	h.m.DownloadService$Downloadable#load: Obtained the updated data file for hudson.plugins.gradle.GradleInstaller
2020-07-16 12:34:38.437+0000 [id=74]	INFO	jenkins.InitReactorRunner$1#onAttained: Started initialization
2020-07-16 12:34:38.461+0000 [id=74]	INFO	jenkins.InitReactorRunner$1#onAttained: Listed all plugins
2020-07-16 12:34:38.462+0000 [id=74]	INFO	jenkins.InitReactorRunner$1#onAttained: Prepared all plugins
2020-07-16 12:34:38.471+0000 [id=75]	INFO	jenkins.InitReactorRunner$1#onAttained: Started all plugins
2020-07-16 12:34:38.504+0000 [id=75]	INFO	jenkins.InitReactorRunner$1#onAttained: Augmented all extensions
2020-07-16 12:34:38.776+0000 [id=75]	INFO	jenkins.InitReactorRunner$1#onAttained: System config loaded
2020-07-16 12:34:38.776+0000 [id=75]	INFO	jenkins.InitReactorRunner$1#onAttained: System config adapted
2020-07-16 12:34:38.776+0000 [id=75]	INFO	jenkins.InitReactorRunner$1#onAttained: Loaded all jobs
2020-07-16 12:34:38.802+0000 [id=75]	INFO	jenkins.InitReactorRunner$1#onAttained: Configuration for all jobs updated
2020-07-16 12:34:39.315+0000 [id=75]	INFO	jenkins.InitReactorRunner$1#onAttained: Completed initialization
2020-07-16 12:34:39.316+0000 [id=68]	INFO	h.m.UpdateCenter$CompleteBatchJob#run: Completed installation of 72 plugins in 23 sec
2020-07-16 12:34:39.316+0000 [id=68]	INFO	h.model.UpdateCenter$DownloadJob#run: Starting the installation of timestamper on behalf of admin
2020-07-16 12:34:39.316+0000 [id=68]	INFO	h.m.UpdateCenter$InstallationJob#_run: Skipping duplicate install of: Timestamper@1.11.3
2020-07-16 12:34:39.316+0000 [id=68]	INFO	h.model.UpdateCenter$DownloadJob#run: Installation successful: timestamper
2020-07-16 12:34:39.316+0000 [id=68]	INFO	h.model.UpdateCenter$DownloadJob#run: Starting the installation of ws-cleanup on behalf of admin
2020-07-16 12:34:39.316+0000 [id=68]	INFO	h.m.UpdateCenter$InstallationJob#_run: Skipping duplicate install of: Workspace Cleanup@0.38
2020-07-16 12:34:39.316+0000 [id=68]	INFO	h.model.UpdateCenter$DownloadJob#run: Installation successful: ws-cleanup
2020-07-16 12:34:39.316+0000 [id=68]	INFO	h.model.UpdateCenter$DownloadJob#run: Starting the installation of ant on behalf of admin
2020-07-16 12:34:39.316+0000 [id=68]	INFO	h.m.UpdateCenter$InstallationJob#_run: Skipping duplicate install of: Ant@1.11
2020-07-16 12:34:39.316+0000 [id=68]	INFO	h.model.UpdateCenter$DownloadJob#run: Installation successful: ant
2020-07-16 12:34:39.316+0000 [id=68]	INFO	h.model.UpdateCenter$DownloadJob#run: Starting the installation of gradle on behalf of admin
2020-07-16 12:34:39.316+0000 [id=68]	INFO	h.m.UpdateCenter$InstallationJob#_run: Skipping duplicate install of: Gradle@1.36
2020-07-16 12:34:39.316+0000 [id=68]	INFO	h.model.UpdateCenter$DownloadJob#run: Installation successful: gradle
2020-07-16 12:34:39.316+0000 [id=68]	INFO	h.model.UpdateCenter$DownloadJob#run: Starting the installation of workflow-aggregator on behalf of admin
2020-07-16 12:34:39.316+0000 [id=68]	INFO	h.m.UpdateCenter$InstallationJob#_run: Skipping duplicate install of: Pipeline@2.6
2020-07-16 12:34:39.316+0000 [id=68]	INFO	h.model.UpdateCenter$DownloadJob#run: Installation successful: workflow-aggregator
2020-07-16 12:34:39.316+0000 [id=68]	INFO	h.model.UpdateCenter$DownloadJob#run: Starting the installation of github-branch-source on behalf of admin
2020-07-16 12:34:39.316+0000 [id=68]	INFO	h.m.UpdateCenter$InstallationJob#_run: Skipping duplicate install of: GitHub Branch Source@2.8.2
2020-07-16 12:34:39.316+0000 [id=68]	INFO	h.model.UpdateCenter$DownloadJob#run: Installation successful: github-branch-source
2020-07-16 12:34:39.316+0000 [id=68]	INFO	h.model.UpdateCenter$DownloadJob#run: Starting the installation of pipeline-github-lib on behalf of admin
2020-07-16 12:34:39.316+0000 [id=68]	INFO	h.m.UpdateCenter$InstallationJob#_run: Skipping duplicate install of: Pipeline: GitHub Groovy Libraries@1.0
2020-07-16 12:34:39.316+0000 [id=68]	INFO	h.model.UpdateCenter$DownloadJob#run: Installation successful: pipeline-github-lib
2020-07-16 12:34:39.316+0000 [id=68]	INFO	h.model.UpdateCenter$DownloadJob#run: Starting the installation of pipeline-stage-view on behalf of admin
2020-07-16 12:34:39.316+0000 [id=68]	INFO	h.m.UpdateCenter$InstallationJob#_run: Skipping duplicate install of: Pipeline: Stage View@2.13
2020-07-16 12:34:39.317+0000 [id=68]	INFO	h.model.UpdateCenter$DownloadJob#run: Installation successful: pipeline-stage-view
2020-07-16 12:34:39.317+0000 [id=68]	INFO	h.model.UpdateCenter$DownloadJob#run: Starting the installation of git on behalf of admin
2020-07-16 12:34:39.317+0000 [id=68]	INFO	h.m.UpdateCenter$InstallationJob#_run: Skipping duplicate install of: Git@4.3.0
2020-07-16 12:34:39.317+0000 [id=68]	INFO	h.model.UpdateCenter$DownloadJob#run: Installation successful: git
2020-07-16 12:34:39.317+0000 [id=68]	INFO	h.model.UpdateCenter$DownloadJob#run: Starting the installation of subversion on behalf of admin
2020-07-16 12:34:39.317+0000 [id=68]	INFO	h.m.UpdateCenter$InstallationJob#_run: Skipping duplicate install of: Subversion@2.13.1
2020-07-16 12:34:39.317+0000 [id=68]	INFO	h.model.UpdateCenter$DownloadJob#run: Installation successful: subversion
2020-07-16 12:34:39.317+0000 [id=68]	INFO	h.model.UpdateCenter$DownloadJob#run: Starting the installation of ssh-slaves on behalf of admin
2020-07-16 12:34:39.317+0000 [id=68]	INFO	h.m.UpdateCenter$InstallationJob#_run: Skipping duplicate install of: SSH Build Agents@1.31.2
2020-07-16 12:34:39.317+0000 [id=68]	INFO	h.model.UpdateCenter$DownloadJob#run: Installation successful: ssh-slaves
2020-07-16 12:34:39.320+0000 [id=68]	INFO	h.model.UpdateCenter$DownloadJob#run: Starting the installation of matrix-auth on behalf of admin
2020-07-16 12:34:39.320+0000 [id=68]	INFO	h.m.UpdateCenter$InstallationJob#_run: Skipping duplicate install of: Matrix Authorization Strategy@2.6.2
2020-07-16 12:34:39.320+0000 [id=68]	INFO	h.model.UpdateCenter$DownloadJob#run: Installation successful: matrix-auth
2020-07-16 12:34:39.320+0000 [id=68]	INFO	h.model.UpdateCenter$DownloadJob#run: Starting the installation of pam-auth on behalf of admin
2020-07-16 12:34:39.320+0000 [id=68]	INFO	h.m.UpdateCenter$InstallationJob#_run: Skipping duplicate install of: PAM Authentication@1.6
2020-07-16 12:34:39.321+0000 [id=68]	INFO	h.model.UpdateCenter$DownloadJob#run: Installation successful: pam-auth
2020-07-16 12:34:39.321+0000 [id=68]	INFO	h.model.UpdateCenter$DownloadJob#run: Starting the installation of ldap on behalf of admin
2020-07-16 12:34:39.321+0000 [id=68]	INFO	h.m.UpdateCenter$InstallationJob#_run: Skipping duplicate install of: LDAP@1.24
2020-07-16 12:34:39.321+0000 [id=68]	INFO	h.model.UpdateCenter$DownloadJob#run: Installation successful: ldap
2020-07-16 12:34:39.321+0000 [id=68]	INFO	h.model.UpdateCenter$DownloadJob#run: Starting the installation of email-ext on behalf of admin
2020-07-16 12:34:39.322+0000 [id=68]	INFO	h.m.UpdateCenter$InstallationJob#_run: Skipping duplicate install of: Email Extension@2.69
2020-07-16 12:34:39.322+0000 [id=68]	INFO	h.model.UpdateCenter$DownloadJob#run: Installation successful: email-ext
2020-07-16 12:34:39.322+0000 [id=68]	INFO	h.model.UpdateCenter$DownloadJob#run: Starting the installation of mailer on behalf of admin
2020-07-16 12:34:39.322+0000 [id=68]	INFO	h.m.UpdateCenter$InstallationJob#_run: Skipping duplicate install of: Mailer@1.32
2020-07-16 12:34:39.323+0000 [id=68]	INFO	h.model.UpdateCenter$DownloadJob#run: Installation successful: mailer
2020-07-16 12:34:39.323+0000 [id=68]	INFO	h.m.UpdateCenter$CompleteBatchJob#run: Completing installing of plugin batch…
2020-07-16 12:34:39.626+0000 [id=76]	INFO	jenkins.InitReactorRunner$1#onAttained: Started initialization
2020-07-16 12:34:39.633+0000 [id=76]	INFO	jenkins.InitReactorRunner$1#onAttained: Listed all plugins
2020-07-16 12:34:39.635+0000 [id=76]	INFO	jenkins.InitReactorRunner$1#onAttained: Prepared all plugins
2020-07-16 12:34:39.635+0000 [id=76]	INFO	jenkins.InitReactorRunner$1#onAttained: Started all plugins
2020-07-16 12:34:39.635+0000 [id=76]	INFO	jenkins.InitReactorRunner$1#onAttained: Augmented all extensions
2020-07-16 12:34:39.635+0000 [id=76]	INFO	jenkins.InitReactorRunner$1#onAttained: System config loaded
2020-07-16 12:34:39.636+0000 [id=76]	INFO	jenkins.InitReactorRunner$1#onAttained: System config adapted
2020-07-16 12:34:39.636+0000 [id=76]	INFO	jenkins.InitReactorRunner$1#onAttained: Loaded all jobs
2020-07-16 12:34:39.636+0000 [id=76]	INFO	jenkins.InitReactorRunner$1#onAttained: Configuration for all jobs updated
2020-07-16 12:34:39.636+0000 [id=76]	INFO	jenkins.InitReactorRunner$1#onAttained: Completed initialization
2020-07-16 12:34:39.636+0000 [id=68]	INFO	h.m.UpdateCenter$CompleteBatchJob#run: Completed installation of 0 plugins in 21 sec
2020-07-16 13:06:10.793+0000 [id=111]	INFO	hudson.model.AsyncPeriodicWork#lambda$doRun$0: Started Periodic background build discarder
2020-07-16 13:06:10.794+0000 [id=111]	INFO	hudson.model.AsyncPeriodicWork#lambda$doRun$0: Finished Periodic background build discarder. 1 ms
2020-07-16 13:52:54.325+0000 [id=13]	INFO	hudson.PluginManager#install: Starting installation of a batch of 1 plugins plus their dependencies
2020-07-16 13:52:54.326+0000 [id=13]	INFO	hudson.model.UpdateSite$Plugin#deploy: Adding dependent install of node-iterator-api for plugin ec2
2020-07-16 13:52:54.326+0000 [id=13]	INFO	hudson.model.UpdateSite$Plugin#deploy: Adding dependent install of aws-credentials for plugin ec2
2020-07-16 13:52:54.326+0000 [id=13]	INFO	hudson.model.UpdateSite$Plugin#deploy: Adding dependent install of variant for plugin aws-credentials
2020-07-16 13:52:54.326+0000 [id=13]	INFO	hudson.model.UpdateSite$Plugin#deploy: Adding dependent install of aws-java-sdk for plugin aws-credentials
2020-07-16 13:52:54.327+0000 [id=134]	INFO	h.model.UpdateCenter$DownloadJob#run: Starting the installation of node-iterator-api on behalf of kotresh
2020-07-16 13:52:54.476+0000 [id=134]	INFO	h.m.UpdateCenter$UpdateCenterConfiguration#download: Downloading node-iterator-api
2020-07-16 13:52:54.493+0000 [id=134]	INFO	h.model.UpdateCenter$DownloadJob#run: Installation successful: node-iterator-api
2020-07-16 13:52:54.493+0000 [id=134]	INFO	h.model.UpdateCenter$DownloadJob#run: Starting the installation of variant on behalf of kotresh
2020-07-16 13:52:54.613+0000 [id=134]	INFO	h.m.UpdateCenter$UpdateCenterConfiguration#download: Downloading variant
2020-07-16 13:52:54.618+0000 [id=134]	INFO	h.model.UpdateCenter$DownloadJob#run: Installation successful: variant
2020-07-16 13:52:54.618+0000 [id=134]	INFO	h.model.UpdateCenter$DownloadJob#run: Starting the installation of aws-java-sdk on behalf of kotresh
2020-07-16 13:52:54.680+0000 [id=134]	INFO	h.m.UpdateCenter$UpdateCenterConfiguration#download: Downloading aws-java-sdk
2020-07-16 13:53:09.182+0000 [id=134]	INFO	h.model.UpdateCenter$DownloadJob#run: Installation successful: aws-java-sdk
2020-07-16 13:53:09.182+0000 [id=134]	INFO	h.model.UpdateCenter$DownloadJob#run: Starting the installation of aws-credentials on behalf of kotresh
2020-07-16 13:53:09.244+0000 [id=134]	INFO	h.m.UpdateCenter$UpdateCenterConfiguration#download: Downloading aws-credentials
2020-07-16 13:53:09.252+0000 [id=134]	INFO	h.model.UpdateCenter$DownloadJob#run: Installation successful: aws-credentials
2020-07-16 13:53:09.252+0000 [id=134]	INFO	h.model.UpdateCenter$DownloadJob#run: Starting the installation of ec2 on behalf of kotresh
2020-07-16 13:53:09.313+0000 [id=134]	INFO	h.m.UpdateCenter$UpdateCenterConfiguration#download: Downloading ec2
2020-07-16 13:53:09.430+0000 [id=134]	INFO	h.model.UpdateCenter$DownloadJob#run: Installation successful: ec2
2020-07-16 13:53:09.430+0000 [id=134]	INFO	h.m.UpdateCenter$CompleteBatchJob#run: Completing installing of plugin batch…
2020-07-16 13:53:10.050+0000 [id=137]	INFO	jenkins.InitReactorRunner$1#onAttained: Started initialization
2020-07-16 13:53:10.057+0000 [id=137]	INFO	jenkins.InitReactorRunner$1#onAttained: Listed all plugins
2020-07-16 13:53:10.057+0000 [id=137]	INFO	jenkins.InitReactorRunner$1#onAttained: Prepared all plugins
2020-07-16 13:53:10.057+0000 [id=137]	INFO	jenkins.InitReactorRunner$1#onAttained: Started all plugins
2020-07-16 13:53:10.058+0000 [id=137]	INFO	jenkins.InitReactorRunner$1#onAttained: Augmented all extensions
2020-07-16 13:53:10.058+0000 [id=137]	INFO	jenkins.InitReactorRunner$1#onAttained: System config loaded
2020-07-16 13:53:10.058+0000 [id=137]	INFO	jenkins.InitReactorRunner$1#onAttained: System config adapted
2020-07-16 13:53:10.059+0000 [id=137]	INFO	jenkins.InitReactorRunner$1#onAttained: Loaded all jobs
2020-07-16 13:53:10.059+0000 [id=137]	INFO	jenkins.InitReactorRunner$1#onAttained: Configuration for all jobs updated
2020-07-16 13:53:10.059+0000 [id=137]	INFO	jenkins.InitReactorRunner$1#onAttained: Completed initialization
2020-07-16 13:53:10.059+0000 [id=134]	INFO	h.m.UpdateCenter$CompleteBatchJob#run: Completed installation of 5 plugins in 15 sec
2020-07-16 13:57:55.827+0000 [id=232]	INFO	hudson.model.AsyncPeriodicWork#lambda$doRun$0: Started EC2 alive slaves monitor
2020-07-16 13:57:55.833+0000 [id=232]	INFO	hudson.model.AsyncPeriodicWork#lambda$doRun$0: Finished EC2 alive slaves monitor. 6 ms
2020-07-16 14:06:10.793+0000 [id=317]	INFO	hudson.model.AsyncPeriodicWork#lambda$doRun$0: Started Periodic background build discarder
2020-07-16 14:06:10.801+0000 [id=317]	INFO	hudson.model.AsyncPeriodicWork#lambda$doRun$0: Finished Periodic background build discarder. 8 ms
2020-07-16 14:07:55.827+0000 [id=324]	INFO	hudson.model.AsyncPeriodicWork#lambda$doRun$0: Started EC2 alive slaves monitor
2020-07-16 14:07:55.827+0000 [id=324]	INFO	hudson.model.AsyncPeriodicWork#lambda$doRun$0: Finished EC2 alive slaves monitor. 0 ms
2020-07-16 14:17:55.827+0000 [id=325]	INFO	hudson.model.AsyncPeriodicWork#lambda$doRun$0: Started EC2 alive slaves monitor
2020-07-16 14:17:55.827+0000 [id=325]	INFO	hudson.model.AsyncPeriodicWork#lambda$doRun$0: Finished EC2 alive slaves monitor. 0 ms
2020-07-16 14:27:55.827+0000 [id=327]	INFO	hudson.model.AsyncPeriodicWork#lambda$doRun$0: Started EC2 alive slaves monitor
2020-07-16 14:27:55.827+0000 [id=327]	INFO	hudson.model.AsyncPeriodicWork#lambda$doRun$0: Finished EC2 alive slaves monitor. 0 ms
2020-07-16 14:37:55.827+0000 [id=390]	INFO	hudson.model.AsyncPeriodicWork#lambda$doRun$0: Started EC2 alive slaves monitor
2020-07-16 14:37:55.827+0000 [id=390]	INFO	hudson.model.AsyncPeriodicWork#lambda$doRun$0: Finished EC2 alive slaves monitor. 0 ms
2020-07-16 14:47:55.827+0000 [id=446]	INFO	hudson.model.AsyncPeriodicWork#lambda$doRun$0: Started EC2 alive slaves monitor
2020-07-16 14:47:55.827+0000 [id=446]	INFO	hudson.model.AsyncPeriodicWork#lambda$doRun$0: Finished EC2 alive slaves monitor. 0 ms
2020-07-16 14:57:55.827+0000 [id=447]	INFO	hudson.model.AsyncPeriodicWork#lambda$doRun$0: Started EC2 alive slaves monitor
2020-07-16 14:57:55.827+0000 [id=447]	INFO	hudson.model.AsyncPeriodicWork#lambda$doRun$0: Finished EC2 alive slaves monitor. 0 ms
2020-07-16 15:06:10.793+0000 [id=448]	INFO	hudson.model.AsyncPeriodicWork#lambda$doRun$0: Started Periodic background build discarder
2020-07-16 15:06:10.794+0000 [id=448]	INFO	hudson.model.AsyncPeriodicWork#lambda$doRun$0: Finished Periodic background build discarder. 1 ms
2020-07-16 15:07:55.827+0000 [id=449]	INFO	hudson.model.AsyncPeriodicWork#lambda$doRun$0: Started EC2 alive slaves monitor
2020-07-16 15:07:55.827+0000 [id=449]	INFO	hudson.model.AsyncPeriodicWork#lambda$doRun$0: Finished EC2 alive slaves monitor. 0 ms
2020-07-16 15:17:55.827+0000 [id=450]	INFO	hudson.model.AsyncPeriodicWork#lambda$doRun$0: Started EC2 alive slaves monitor
2020-07-16 15:17:55.832+0000 [id=450]	INFO	hudson.model.AsyncPeriodicWork#lambda$doRun$0: Finished EC2 alive slaves monitor. 1 ms
2020-07-16 15:27:55.827+0000 [id=451]	INFO	hudson.model.AsyncPeriodicWork#lambda$doRun$0: Started EC2 alive slaves monitor
2020-07-16 15:27:55.828+0000 [id=451]	INFO	hudson.model.AsyncPeriodicWork#lambda$doRun$0: Finished EC2 alive slaves monitor. 1 ms
2020-07-16 15:37:55.827+0000 [id=459]	INFO	hudson.model.AsyncPeriodicWork#lambda$doRun$0: Started EC2 alive slaves monitor
2020-07-16 15:37:55.827+0000 [id=459]	INFO	hudson.model.AsyncPeriodicWork#lambda$doRun$0: Finished EC2 alive slaves monitor. 0 ms
2020-07-16 15:39:51.385+0000 [id=16]	INFO	hudson.PluginManager#install: Starting installation of a batch of 2 plugins plus their dependencies
2020-07-16 15:39:51.386+0000 [id=16]	INFO	hudson.model.UpdateSite$Plugin#deploy: Adding dependent install of icon-shim for plugin github-pullrequest
2020-07-16 15:39:51.387+0000 [id=460]	INFO	h.model.UpdateCenter$DownloadJob#run: Starting the installation of icon-shim on behalf of kotresh
2020-07-16 15:39:51.576+0000 [id=460]	INFO	h.m.UpdateCenter$UpdateCenterConfiguration#download: Downloading icon-shim
2020-07-16 15:39:51.605+0000 [id=460]	INFO	h.model.UpdateCenter$DownloadJob#run: Installation successful: icon-shim
2020-07-16 15:39:51.605+0000 [id=460]	INFO	h.model.UpdateCenter$DownloadJob#run: Starting the installation of github-pullrequest on behalf of kotresh
2020-07-16 15:39:51.670+0000 [id=460]	INFO	h.m.UpdateCenter$UpdateCenterConfiguration#download: Downloading github-pullrequest
2020-07-16 15:39:51.817+0000 [id=460]	INFO	h.model.UpdateCenter$DownloadJob#run: Installation successful: github-pullrequest
2020-07-16 15:39:51.821+0000 [id=460]	INFO	h.model.UpdateCenter$DownloadJob#run: Starting the installation of ghprb on behalf of kotresh
2020-07-16 15:39:51.890+0000 [id=460]	INFO	h.m.UpdateCenter$UpdateCenterConfiguration#download: Downloading ghprb
2020-07-16 15:39:53.644+0000 [id=460]	INFO	h.model.UpdateCenter$DownloadJob#run: Installation successful: ghprb
2020-07-16 15:39:53.644+0000 [id=460]	INFO	h.m.UpdateCenter$CompleteBatchJob#run: Completing installing of plugin batch…
2020-07-16 15:39:54.941+0000 [id=463]	INFO	jenkins.InitReactorRunner$1#onAttained: Started initialization
2020-07-16 15:39:54.942+0000 [id=463]	INFO	jenkins.InitReactorRunner$1#onAttained: Listed all plugins
2020-07-16 15:39:54.944+0000 [id=463]	INFO	jenkins.InitReactorRunner$1#onAttained: Prepared all plugins
2020-07-16 15:39:54.944+0000 [id=463]	INFO	jenkins.InitReactorRunner$1#onAttained: Started all plugins
2020-07-16 15:39:54.945+0000 [id=463]	INFO	jenkins.InitReactorRunner$1#onAttained: Augmented all extensions
2020-07-16 15:39:54.945+0000 [id=463]	INFO	jenkins.InitReactorRunner$1#onAttained: System config loaded
2020-07-16 15:39:54.945+0000 [id=463]	INFO	jenkins.InitReactorRunner$1#onAttained: System config adapted
2020-07-16 15:39:54.945+0000 [id=463]	INFO	jenkins.InitReactorRunner$1#onAttained: Loaded all jobs
2020-07-16 15:39:54.945+0000 [id=463]	INFO	jenkins.InitReactorRunner$1#onAttained: Configuration for all jobs updated
2020-07-16 15:39:54.945+0000 [id=463]	INFO	jenkins.InitReactorRunner$1#onAttained: Completed initialization
2020-07-16 15:39:54.945+0000 [id=460]	INFO	h.m.UpdateCenter$CompleteBatchJob#run: Completed installation of 3 plugins in 3.5 sec
2020-07-16 15:44:31.931+0000 [id=473]	INFO	jenkins.model.Jenkins$22#run: Restarting VM as requested by kotresh
2020-07-16 15:44:31.932+0000 [id=473]	INFO	jenkins.model.Jenkins#cleanUp: Stopping Jenkins
2020-07-16 15:44:31.977+0000 [id=473]	INFO	jenkins.model.Jenkins$18#onAttained: Started termination
2020-07-16 15:44:32.023+0000 [id=473]	INFO	jenkins.model.Jenkins$18#onAttained: Completed termination
2020-07-16 15:44:32.023+0000 [id=473]	INFO	jenkins.model.Jenkins#_cleanUpDisconnectComputers: Starting node disconnection
2020-07-16 15:44:32.028+0000 [id=473]	INFO	jenkins.model.Jenkins#_cleanUpShutdownPluginManager: Stopping plugin manager
2020-07-16 15:44:32.037+0000 [id=473]	INFO	jenkins.model.Jenkins#_cleanUpPersistQueue: Persisting build queue
2020-07-16 15:44:32.042+0000 [id=473]	INFO	jenkins.model.Jenkins#_cleanUpAwaitDisconnects: Waiting for node disconnection completion
2020-07-16 15:44:32.043+0000 [id=473]	INFO	jenkins.model.Jenkins#cleanUp: Jenkins stopped
Running from: /usr/share/jenkins/jenkins.war
2020-07-16 15:44:34.873+0000 [id=1]	INFO	org.eclipse.jetty.util.log.Log#initialized: Logging initialized @1083ms to org.eclipse.jetty.util.log.JavaUtilLog
2020-07-16 15:44:35.131+0000 [id=1]	INFO	winstone.Logger#logInternal: Beginning extraction from war file
2020-07-16 15:44:35.193+0000 [id=1]	WARNING	o.e.j.s.handler.ContextHandler#setContextPath: Empty contextPath
2020-07-16 15:44:35.327+0000 [id=1]	INFO	org.eclipse.jetty.server.Server#doStart: jetty-9.4.27.v20200227; built: 2020-02-27T18:37:21.340Z; git: a304fd9f351f337e7c0e2a7c28878dd536149c6c; jvm 1.8.0_252-8u252-b09-1~18.04-b09
2020-07-16 15:44:35.971+0000 [id=1]	INFO	o.e.j.w.StandardDescriptorProcessor#visitServlet: NO JSP Support for /, did not find org.eclipse.jetty.jsp.JettyJspServlet
2020-07-16 15:44:36.098+0000 [id=1]	INFO	o.e.j.s.s.DefaultSessionIdManager#doStart: DefaultSessionIdManager workerName=node0
2020-07-16 15:44:36.098+0000 [id=1]	INFO	o.e.j.s.s.DefaultSessionIdManager#doStart: No SessionScavenger set, using defaults
2020-07-16 15:44:36.106+0000 [id=1]	INFO	o.e.j.server.session.HouseKeeper#startScavenging: node0 Scavenging every 600000ms
2020-07-16 15:44:36.884+0000 [id=1]	INFO	hudson.WebAppMain#contextInitialized: Jenkins home directory: /var/lib/jenkins found at: EnvVars.masterEnvVars.get("JENKINS_HOME")
2020-07-16 15:44:37.143+0000 [id=1]	INFO	o.e.j.s.handler.ContextHandler#doStart: Started w.@4a07d605{Jenkins v2.235.2,/,file:///var/cache/jenkins/war/,AVAILABLE}{/var/cache/jenkins/war}
2020-07-16 15:44:37.187+0000 [id=1]	INFO	o.e.j.server.AbstractConnector#doStart: Started ServerConnector@61dc03ce{HTTP/1.1, (http/1.1)}{0.0.0.0:8080}
2020-07-16 15:44:37.187+0000 [id=1]	INFO	org.eclipse.jetty.server.Server#doStart: Started @3398ms
2020-07-16 15:44:37.195+0000 [id=20]	INFO	winstone.Logger#logInternal: Winstone Servlet Engine running: controlPort=disabled
2020-07-16 15:44:39.723+0000 [id=27]	INFO	jenkins.InitReactorRunner$1#onAttained: Started initialization
2020-07-16 15:44:40.225+0000 [id=26]	INFO	jenkins.InitReactorRunner$1#onAttained: Listed all plugins
2020-07-16 15:44:51.206+0000 [id=27]	INFO	jenkins.InitReactorRunner$1#onAttained: Prepared all plugins
2020-07-16 15:44:51.266+0000 [id=26]	INFO	jenkins.InitReactorRunner$1#onAttained: Started all plugins
2020-07-16 15:44:54.253+0000 [id=26]	INFO	jenkins.InitReactorRunner$1#onAttained: Augmented all extensions
2020-07-16 15:44:54.455+0000 [id=26]	INFO	jenkins.InitReactorRunner$1#onAttained: System config loaded
2020-07-16 15:44:54.469+0000 [id=27]	INFO	jenkins.InitReactorRunner$1#onAttained: System config adapted
2020-07-16 15:44:54.619+0000 [id=27]	INFO	jenkins.InitReactorRunner$1#onAttained: Loaded all jobs
2020-07-16 15:44:54.637+0000 [id=26]	INFO	jenkins.InitReactorRunner$1#onAttained: Configuration for all jobs updated
2020-07-16 15:44:54.825+0000 [id=41]	INFO	hudson.model.AsyncPeriodicWork#lambda$doRun$0: Started Download metadata
2020-07-16 15:44:54.830+0000 [id=41]	INFO	hudson.model.AsyncPeriodicWork#lambda$doRun$0: Finished Download metadata. 5 ms
2020-07-16 15:44:55.600+0000 [id=27]	INFO	o.s.c.s.AbstractApplicationContext#prepareRefresh: Refreshing org.springframework.web.context.support.StaticWebApplicationContext@2c4f2b41: display name [Root WebApplicationContext]; startup date [Thu Jul 16 15:44:55 UTC 2020]; root of context hierarchy
2020-07-16 15:44:55.601+0000 [id=27]	INFO	o.s.c.s.AbstractApplicationContext#obtainFreshBeanFactory: Bean factory for application context [org.springframework.web.context.support.StaticWebApplicationContext@2c4f2b41]: org.springframework.beans.factory.support.DefaultListableBeanFactory@37a43fbf
2020-07-16 15:44:55.615+0000 [id=27]	INFO	o.s.b.f.s.DefaultListableBeanFactory#preInstantiateSingletons: Pre-instantiating singletons in org.springframework.beans.factory.support.DefaultListableBeanFactory@37a43fbf: defining beans [authenticationManager]; root of factory hierarchy
2020-07-16 15:44:55.964+0000 [id=27]	INFO	o.s.c.s.AbstractApplicationContext#prepareRefresh: Refreshing org.springframework.web.context.support.StaticWebApplicationContext@20a58d4: display name [Root WebApplicationContext]; startup date [Thu Jul 16 15:44:55 UTC 2020]; root of context hierarchy
2020-07-16 15:44:55.964+0000 [id=27]	INFO	o.s.c.s.AbstractApplicationContext#obtainFreshBeanFactory: Bean factory for application context [org.springframework.web.context.support.StaticWebApplicationContext@20a58d4]: org.springframework.beans.factory.support.DefaultListableBeanFactory@306edaeb
2020-07-16 15:44:55.965+0000 [id=27]	INFO	o.s.b.f.s.DefaultListableBeanFactory#preInstantiateSingletons: Pre-instantiating singletons in org.springframework.beans.factory.support.DefaultListableBeanFactory@306edaeb: defining beans [filter,legacy]; root of factory hierarchy
2020-07-16 15:44:56.082+0000 [id=26]	INFO	jenkins.InitReactorRunner$1#onAttained: Completed initialization
2020-07-16 15:44:56.118+0000 [id=19]	INFO	hudson.WebAppMain$3#run: Jenkins is fully up and running
2020-07-16 15:53:29.946+0000 [id=63]	INFO	hudson.model.AsyncPeriodicWork#lambda$doRun$0: Started EC2 alive slaves monitor
2020-07-16 15:53:29.947+0000 [id=63]	INFO	hudson.model.AsyncPeriodicWork#lambda$doRun$0: Finished EC2 alive slaves monitor. 1 ms
2020-07-16 15:57:22.622+0000 [id=64]	INFO	hudson.model.AsyncPeriodicWork#lambda$doRun$0: Started Periodic background build discarder
2020-07-16 15:57:22.627+0000 [id=64]	INFO	hudson.model.AsyncPeriodicWork#lambda$doRun$0: Finished Periodic background build discarder. 3 ms
2020-07-16 16:03:29.946+0000 [id=65]	INFO	hudson.model.AsyncPeriodicWork#lambda$doRun$0: Started EC2 alive slaves monitor
2020-07-16 16:03:29.954+0000 [id=65]	INFO	hudson.model.AsyncPeriodicWork#lambda$doRun$0: Finished EC2 alive slaves monitor. 8 ms
2020-07-16 16:13:29.946+0000 [id=130]	INFO	hudson.model.AsyncPeriodicWork#lambda$doRun$0: Started EC2 alive slaves monitor
2020-07-16 16:13:29.947+0000 [id=130]	INFO	hudson.model.AsyncPeriodicWork#lambda$doRun$0: Finished EC2 alive slaves monitor. 0 ms
Running from: /usr/share/jenkins/jenkins.war
2020-07-17 03:47:53.191+0000 [id=1]	INFO	org.eclipse.jetty.util.log.Log#initialized: Logging initialized @1898ms to org.eclipse.jetty.util.log.JavaUtilLog
2020-07-17 03:47:53.784+0000 [id=1]	INFO	winstone.Logger#logInternal: Beginning extraction from war file
2020-07-17 03:47:53.902+0000 [id=1]	WARNING	o.e.j.s.handler.ContextHandler#setContextPath: Empty contextPath
2020-07-17 03:47:54.212+0000 [id=1]	INFO	org.eclipse.jetty.server.Server#doStart: jetty-9.4.27.v20200227; built: 2020-02-27T18:37:21.340Z; git: a304fd9f351f337e7c0e2a7c28878dd536149c6c; jvm 1.8.0_252-8u252-b09-1~18.04-b09
2020-07-17 03:47:55.602+0000 [id=1]	INFO	o.e.j.w.StandardDescriptorProcessor#visitServlet: NO JSP Support for /, did not find org.eclipse.jetty.jsp.JettyJspServlet
2020-07-17 03:47:55.868+0000 [id=1]	INFO	o.e.j.s.s.DefaultSessionIdManager#doStart: DefaultSessionIdManager workerName=node0
2020-07-17 03:47:55.868+0000 [id=1]	INFO	o.e.j.s.s.DefaultSessionIdManager#doStart: No SessionScavenger set, using defaults
2020-07-17 03:47:55.887+0000 [id=1]	INFO	o.e.j.server.session.HouseKeeper#startScavenging: node0 Scavenging every 660000ms
2020-07-17 03:47:57.501+0000 [id=1]	INFO	hudson.WebAppMain#contextInitialized: Jenkins home directory: /var/lib/jenkins found at: EnvVars.masterEnvVars.get("JENKINS_HOME")
2020-07-17 03:47:58.091+0000 [id=1]	INFO	o.e.j.s.handler.ContextHandler#doStart: Started w.@68746f22{Jenkins v2.235.2,/,file:///var/cache/jenkins/war/,AVAILABLE}{/var/cache/jenkins/war}
2020-07-17 03:47:58.207+0000 [id=1]	INFO	o.e.j.server.AbstractConnector#doStart: Started ServerConnector@61dc03ce{HTTP/1.1, (http/1.1)}{0.0.0.0:8080}
2020-07-17 03:47:58.212+0000 [id=1]	INFO	org.eclipse.jetty.server.Server#doStart: Started @6919ms
2020-07-17 03:47:58.213+0000 [id=20]	INFO	winstone.Logger#logInternal: Winstone Servlet Engine running: controlPort=disabled
2020-07-17 03:48:01.419+0000 [id=26]	INFO	jenkins.InitReactorRunner$1#onAttained: Started initialization
2020-07-17 03:48:03.392+0000 [id=26]	INFO	jenkins.InitReactorRunner$1#onAttained: Listed all plugins
2020-07-17 03:48:28.116+0000 [id=25]	INFO	jenkins.InitReactorRunner$1#onAttained: Prepared all plugins
2020-07-17 03:48:28.288+0000 [id=25]	INFO	jenkins.InitReactorRunner$1#onAttained: Started all plugins
2020-07-17 03:48:34.964+0000 [id=26]	INFO	jenkins.InitReactorRunner$1#onAttained: Augmented all extensions
2020-07-17 03:48:35.321+0000 [id=25]	INFO	jenkins.InitReactorRunner$1#onAttained: System config loaded
2020-07-17 03:48:35.452+0000 [id=25]	INFO	jenkins.InitReactorRunner$1#onAttained: System config adapted
2020-07-17 03:48:35.567+0000 [id=25]	INFO	jenkins.InitReactorRunner$1#onAttained: Loaded all jobs
2020-07-17 03:48:35.682+0000 [id=26]	INFO	jenkins.InitReactorRunner$1#onAttained: Configuration for all jobs updated
2020-07-17 03:48:35.989+0000 [id=40]	INFO	hudson.model.AsyncPeriodicWork#lambda$doRun$0: Started Download metadata
2020-07-17 03:48:36.014+0000 [id=40]	INFO	hudson.model.AsyncPeriodicWork#lambda$doRun$0: Finished Download metadata. 24 ms
2020-07-17 03:48:37.526+0000 [id=25]	INFO	o.s.c.s.AbstractApplicationContext#prepareRefresh: Refreshing org.springframework.web.context.support.StaticWebApplicationContext@5d018bd5: display name [Root WebApplicationContext]; startup date [Fri Jul 17 03:48:37 UTC 2020]; root of context hierarchy
2020-07-17 03:48:37.526+0000 [id=25]	INFO	o.s.c.s.AbstractApplicationContext#obtainFreshBeanFactory: Bean factory for application context [org.springframework.web.context.support.StaticWebApplicationContext@5d018bd5]: org.springframework.beans.factory.support.DefaultListableBeanFactory@23f0b32
2020-07-17 03:48:37.566+0000 [id=25]	INFO	o.s.b.f.s.DefaultListableBeanFactory#preInstantiateSingletons: Pre-instantiating singletons in org.springframework.beans.factory.support.DefaultListableBeanFactory@23f0b32: defining beans [authenticationManager]; root of factory hierarchy
2020-07-17 03:48:38.301+0000 [id=25]	INFO	o.s.c.s.AbstractApplicationContext#prepareRefresh: Refreshing org.springframework.web.context.support.StaticWebApplicationContext@55582b09: display name [Root WebApplicationContext]; startup date [Fri Jul 17 03:48:38 UTC 2020]; root of context hierarchy
2020-07-17 03:48:38.302+0000 [id=25]	INFO	o.s.c.s.AbstractApplicationContext#obtainFreshBeanFactory: Bean factory for application context [org.springframework.web.context.support.StaticWebApplicationContext@55582b09]: org.springframework.beans.factory.support.DefaultListableBeanFactory@298a1f01
2020-07-17 03:48:38.309+0000 [id=25]	INFO	o.s.b.f.s.DefaultListableBeanFactory#preInstantiateSingletons: Pre-instantiating singletons in org.springframework.beans.factory.support.DefaultListableBeanFactory@298a1f01: defining beans [filter,legacy]; root of factory hierarchy
2020-07-17 03:48:38.522+0000 [id=26]	INFO	jenkins.InitReactorRunner$1#onAttained: Completed initialization
2020-07-17 03:48:38.619+0000 [id=19]	INFO	hudson.WebAppMain$3#run: Jenkins is fully up and running
2020-07-17 03:51:42.300+0000 [id=58]	INFO	hudson.model.AsyncPeriodicWork#lambda$doRun$0: Started Periodic background build discarder
2020-07-17 03:51:42.305+0000 [id=58]	INFO	hudson.model.AsyncPeriodicWork#lambda$doRun$0: Finished Periodic background build discarder. 4 ms
2020-07-17 03:52:16.298+0000 [id=59]	INFO	hudson.model.AsyncPeriodicWork#lambda$doRun$0: Started EC2 alive slaves monitor
2020-07-17 03:52:16.301+0000 [id=59]	INFO	hudson.model.AsyncPeriodicWork#lambda$doRun$0: Finished EC2 alive slaves monitor. 0 ms
2020-07-17 04:02:16.298+0000 [id=60]	INFO	hudson.model.AsyncPeriodicWork#lambda$doRun$0: Started EC2 alive slaves monitor
2020-07-17 04:02:16.300+0000 [id=60]	INFO	hudson.model.AsyncPeriodicWork#lambda$doRun$0: Finished EC2 alive slaves monitor. 2 ms
2020-07-17 04:12:16.298+0000 [id=62]	INFO	hudson.model.AsyncPeriodicWork#lambda$doRun$0: Started EC2 alive slaves monitor
2020-07-17 04:12:16.305+0000 [id=62]	INFO	hudson.model.AsyncPeriodicWork#lambda$doRun$0: Finished EC2 alive slaves monitor. 7 ms
2020-07-17 04:22:16.298+0000 [id=72]	INFO	hudson.model.AsyncPeriodicWork#lambda$doRun$0: Started EC2 alive slaves monitor
2020-07-17 04:22:16.299+0000 [id=72]	INFO	hudson.model.AsyncPeriodicWork#lambda$doRun$0: Finished EC2 alive slaves monitor. 1 ms
2020-07-17 04:32:16.298+0000 [id=73]	INFO	hudson.model.AsyncPeriodicWork#lambda$doRun$0: Started EC2 alive slaves monitor
2020-07-17 04:32:16.298+0000 [id=73]	INFO	hudson.model.AsyncPeriodicWork#lambda$doRun$0: Finished EC2 alive slaves monitor. 0 ms
2020-07-17 04:42:16.298+0000 [id=74]	INFO	hudson.model.AsyncPeriodicWork#lambda$doRun$0: Started EC2 alive slaves monitor
2020-07-17 04:42:16.300+0000 [id=74]	INFO	hudson.model.AsyncPeriodicWork#lambda$doRun$0: Finished EC2 alive slaves monitor. 1 ms
2020-07-17 04:51:42.300+0000 [id=82]	INFO	hudson.model.AsyncPeriodicWork#lambda$doRun$0: Started Periodic background build discarder
2020-07-17 04:51:42.303+0000 [id=82]	INFO	hudson.model.AsyncPeriodicWork#lambda$doRun$0: Finished Periodic background build discarder. 1 ms
2020-07-17 04:52:16.298+0000 [id=83]	INFO	hudson.model.AsyncPeriodicWork#lambda$doRun$0: Started EC2 alive slaves monitor
2020-07-17 04:52:16.298+0000 [id=83]	INFO	hudson.model.AsyncPeriodicWork#lambda$doRun$0: Finished EC2 alive slaves monitor. 0 ms
2020-07-17 05:02:16.298+0000 [id=84]	INFO	hudson.model.AsyncPeriodicWork#lambda$doRun$0: Started EC2 alive slaves monitor
2020-07-17 05:02:16.300+0000 [id=84]	INFO	hudson.model.AsyncPeriodicWork#lambda$doRun$0: Finished EC2 alive slaves monitor. 1 ms
2020-07-17 05:12:16.298+0000 [id=85]	INFO	hudson.model.AsyncPeriodicWork#lambda$doRun$0: Started EC2 alive slaves monitor
2020-07-17 05:12:16.302+0000 [id=85]	INFO	hudson.model.AsyncPeriodicWork#lambda$doRun$0: Finished EC2 alive slaves monitor. 1 ms
2020-07-17 05:18:01.194+0000 [id=112]	INFO	h.triggers.SCMTrigger$Runner#run: SCM changes detected in ssh. Triggering  #14
2020-07-17 05:22:16.298+0000 [id=186]	INFO	hudson.model.AsyncPeriodicWork#lambda$doRun$0: Started EC2 alive slaves monitor
2020-07-17 05:22:16.304+0000 [id=186]	INFO	hudson.model.AsyncPeriodicWork#lambda$doRun$0: Finished EC2 alive slaves monitor. 0 ms
2020-07-17 05:29:01.260+0000 [id=158]	INFO	h.triggers.SCMTrigger$Runner#run: SCM changes detected in ssh. Triggering  #15
2020-07-17 05:31:01.143+0000 [id=172]	INFO	h.triggers.SCMTrigger$Runner#run: SCM changes detected in ssh. Triggering  #16
2020-07-17 05:32:16.298+0000 [id=326]	INFO	hudson.model.AsyncPeriodicWork#lambda$doRun$0: Started EC2 alive slaves monitor
2020-07-17 05:32:16.299+0000 [id=326]	INFO	hudson.model.AsyncPeriodicWork#lambda$doRun$0: Finished EC2 alive slaves monitor. 0 ms
2020-07-17 05:33:01.402+0000 [id=187]	INFO	h.triggers.SCMTrigger$Runner#run: SCM changes detected in ssh. Triggering  #17
2020-07-17 05:42:16.298+0000 [id=422]	INFO	hudson.model.AsyncPeriodicWork#lambda$doRun$0: Started EC2 alive slaves monitor
2020-07-17 05:42:16.298+0000 [id=422]	INFO	hudson.model.AsyncPeriodicWork#lambda$doRun$0: Finished EC2 alive slaves monitor. 0 ms
2020-07-17 05:48:42.178+0000 [id=16]	INFO	hudson.PluginManager#install: Starting installation of a batch of 1 plugins plus their dependencies
2020-07-17 05:48:42.505+0000 [id=466]	INFO	h.model.UpdateCenter$DownloadJob#run: Starting the installation of deploy on behalf of kotresh
2020-07-17 05:48:42.698+0000 [id=466]	INFO	h.m.UpdateCenter$UpdateCenterConfiguration#download: Downloading deploy
2020-07-17 05:48:44.454+0000 [id=466]	INFO	h.model.UpdateCenter$DownloadJob#run: Installation successful: deploy
2020-07-17 05:48:44.454+0000 [id=466]	INFO	h.m.UpdateCenter$CompleteBatchJob#run: Completing installing of plugin batch…
2020-07-17 05:48:45.158+0000 [id=471]	INFO	jenkins.InitReactorRunner$1#onAttained: Started initialization
2020-07-17 05:48:45.165+0000 [id=471]	INFO	jenkins.InitReactorRunner$1#onAttained: Listed all plugins
2020-07-17 05:48:45.165+0000 [id=471]	INFO	jenkins.InitReactorRunner$1#onAttained: Prepared all plugins
2020-07-17 05:48:45.165+0000 [id=471]	INFO	jenkins.InitReactorRunner$1#onAttained: Started all plugins
2020-07-17 05:48:45.165+0000 [id=471]	INFO	jenkins.InitReactorRunner$1#onAttained: Augmented all extensions
2020-07-17 05:48:45.165+0000 [id=471]	INFO	jenkins.InitReactorRunner$1#onAttained: System config loaded
2020-07-17 05:48:45.165+0000 [id=471]	INFO	jenkins.InitReactorRunner$1#onAttained: System config adapted
2020-07-17 05:48:45.165+0000 [id=471]	INFO	jenkins.InitReactorRunner$1#onAttained: Loaded all jobs
2020-07-17 05:48:45.165+0000 [id=471]	INFO	jenkins.InitReactorRunner$1#onAttained: Configuration for all jobs updated
2020-07-17 05:48:45.165+0000 [id=471]	INFO	jenkins.InitReactorRunner$1#onAttained: Completed initialization
2020-07-17 05:48:45.166+0000 [id=466]	INFO	h.m.UpdateCenter$CompleteBatchJob#run: Completed installation of 1 plugins in 2.9 sec
2020-07-17 05:51:42.300+0000 [id=491]	INFO	hudson.model.AsyncPeriodicWork#lambda$doRun$0: Started Periodic background build discarder
2020-07-17 05:51:42.302+0000 [id=491]	INFO	hudson.model.AsyncPeriodicWork#lambda$doRun$0: Finished Periodic background build discarder. 2 ms
2020-07-17 05:52:16.298+0000 [id=498]	INFO	hudson.model.AsyncPeriodicWork#lambda$doRun$0: Started EC2 alive slaves monitor
2020-07-17 05:52:16.298+0000 [id=498]	INFO	hudson.model.AsyncPeriodicWork#lambda$doRun$0: Finished EC2 alive slaves monitor. 0 ms
2020-07-17 06:02:16.298+0000 [id=559]	INFO	hudson.model.AsyncPeriodicWork#lambda$doRun$0: Started EC2 alive slaves monitor
2020-07-17 06:02:16.298+0000 [id=559]	INFO	hudson.model.AsyncPeriodicWork#lambda$doRun$0: Finished EC2 alive slaves monitor. 0 ms
2020-07-17 06:12:16.298+0000 [id=620]	INFO	hudson.model.AsyncPeriodicWork#lambda$doRun$0: Started EC2 alive slaves monitor
2020-07-17 06:12:16.298+0000 [id=620]	INFO	hudson.model.AsyncPeriodicWork#lambda$doRun$0: Finished EC2 alive slaves monitor. 0 ms
2020-07-17 06:22:16.298+0000 [id=681]	INFO	hudson.model.AsyncPeriodicWork#lambda$doRun$0: Started EC2 alive slaves monitor
2020-07-17 06:22:16.298+0000 [id=681]	INFO	hudson.model.AsyncPeriodicWork#lambda$doRun$0: Finished EC2 alive slaves monitor. 0 ms
2020-07-17 06:32:16.298+0000 [id=742]	INFO	hudson.model.AsyncPeriodicWork#lambda$doRun$0: Started EC2 alive slaves monitor
2020-07-17 06:32:16.299+0000 [id=742]	INFO	hudson.model.AsyncPeriodicWork#lambda$doRun$0: Finished EC2 alive slaves monitor. 1 ms
2020-07-17 06:42:16.298+0000 [id=803]	INFO	hudson.model.AsyncPeriodicWork#lambda$doRun$0: Started EC2 alive slaves monitor
2020-07-17 06:42:16.300+0000 [id=803]	INFO	hudson.model.AsyncPeriodicWork#lambda$doRun$0: Finished EC2 alive slaves monitor. 2 ms
2020-07-17 06:51:42.300+0000 [id=872]	INFO	hudson.model.AsyncPeriodicWork#lambda$doRun$0: Started Periodic background build discarder
2020-07-17 06:51:42.302+0000 [id=872]	INFO	hudson.model.AsyncPeriodicWork#lambda$doRun$0: Finished Periodic background build discarder. 1 ms
2020-07-17 06:52:16.298+0000 [id=886]	INFO	hudson.model.AsyncPeriodicWork#lambda$doRun$0: Started EC2 alive slaves monitor
2020-07-17 06:52:16.298+0000 [id=886]	INFO	hudson.model.AsyncPeriodicWork#lambda$doRun$0: Finished EC2 alive slaves monitor. 0 ms
2020-07-17 07:02:16.298+0000 [id=887]	INFO	hudson.model.AsyncPeriodicWork#lambda$doRun$0: Started EC2 alive slaves monitor
2020-07-17 07:02:16.299+0000 [id=887]	INFO	hudson.model.AsyncPeriodicWork#lambda$doRun$0: Finished EC2 alive slaves monitor. 0 ms
2020-07-17 07:12:16.298+0000 [id=888]	INFO	hudson.model.AsyncPeriodicWork#lambda$doRun$0: Started EC2 alive slaves monitor
2020-07-17 07:12:16.298+0000 [id=888]	INFO	hudson.model.AsyncPeriodicWork#lambda$doRun$0: Finished EC2 alive slaves monitor. 0 ms
2020-07-17 07:22:16.298+0000 [id=889]	INFO	hudson.model.AsyncPeriodicWork#lambda$doRun$0: Started EC2 alive slaves monitor
2020-07-17 07:22:16.300+0000 [id=889]	INFO	hudson.model.AsyncPeriodicWork#lambda$doRun$0: Finished EC2 alive slaves monitor. 0 ms
2020-07-17 07:32:16.298+0000 [id=890]	INFO	hudson.model.AsyncPeriodicWork#lambda$doRun$0: Started EC2 alive slaves monitor
2020-07-17 07:32:16.302+0000 [id=890]	INFO	hudson.model.AsyncPeriodicWork#lambda$doRun$0: Finished EC2 alive slaves monitor. 4 ms
2020-07-17 07:42:16.298+0000 [id=891]	INFO	hudson.model.AsyncPeriodicWork#lambda$doRun$0: Started EC2 alive slaves monitor
2020-07-17 07:42:16.298+0000 [id=891]	INFO	hudson.model.AsyncPeriodicWork#lambda$doRun$0: Finished EC2 alive slaves monitor. 0 ms
2020-07-17 07:51:42.300+0000 [id=899]	INFO	hudson.model.AsyncPeriodicWork#lambda$doRun$0: Started Periodic background build discarder
2020-07-17 07:51:42.302+0000 [id=899]	INFO	hudson.model.AsyncPeriodicWork#lambda$doRun$0: Finished Periodic background build discarder. 0 ms
2020-07-17 07:52:16.298+0000 [id=900]	INFO	hudson.model.AsyncPeriodicWork#lambda$doRun$0: Started EC2 alive slaves monitor
2020-07-17 07:52:16.298+0000 [id=900]	INFO	hudson.model.AsyncPeriodicWork#lambda$doRun$0: Finished EC2 alive slaves monitor. 0 ms
2020-07-17 07:56:25.769+0000 [id=901]	INFO	hudson.model.AsyncPeriodicWork#lambda$doRun$0: Started telemetry collection
2020-07-17 07:56:25.772+0000 [id=901]	INFO	hudson.model.AsyncPeriodicWork#lambda$doRun$0: Finished telemetry collection. 2 ms
2020-07-17 08:02:16.298+0000 [id=902]	INFO	hudson.model.AsyncPeriodicWork#lambda$doRun$0: Started EC2 alive slaves monitor
2020-07-17 08:02:16.298+0000 [id=902]	INFO	hudson.model.AsyncPeriodicWork#lambda$doRun$0: Finished EC2 alive slaves monitor. 0 ms
2020-07-17 08:12:16.298+0000 [id=903]	INFO	hudson.model.AsyncPeriodicWork#lambda$doRun$0: Started EC2 alive slaves monitor
2020-07-17 08:12:16.298+0000 [id=903]	INFO	hudson.model.AsyncPeriodicWork#lambda$doRun$0: Finished EC2 alive slaves monitor. 0 ms
2020-07-17 08:22:16.298+0000 [id=904]	INFO	hudson.model.AsyncPeriodicWork#lambda$doRun$0: Started EC2 alive slaves monitor
2020-07-17 08:22:16.298+0000 [id=904]	INFO	hudson.model.AsyncPeriodicWork#lambda$doRun$0: Finished EC2 alive slaves monitor. 0 ms
2020-07-17 08:32:16.298+0000 [id=946]	INFO	hudson.model.AsyncPeriodicWork#lambda$doRun$0: Started EC2 alive slaves monitor
2020-07-17 08:32:16.298+0000 [id=946]	INFO	hudson.model.AsyncPeriodicWork#lambda$doRun$0: Finished EC2 alive slaves monitor. 0 ms
2020-07-17 08:38:01.278+0000 [id=194]	INFO	h.triggers.SCMTrigger$Runner#run: SCM changes detected in ssh. Triggering  #20
2020-07-17 08:42:16.298+0000 [id=1030]	INFO	hudson.model.AsyncPeriodicWork#lambda$doRun$0: Started EC2 alive slaves monitor
2020-07-17 08:42:16.298+0000 [id=1030]	INFO	hudson.model.AsyncPeriodicWork#lambda$doRun$0: Finished EC2 alive slaves monitor. 0 ms
2020-07-17 08:51:42.300+0000 [id=1152]	INFO	hudson.model.AsyncPeriodicWork#lambda$doRun$0: Started Periodic background build discarder
2020-07-17 08:51:42.302+0000 [id=1152]	INFO	hudson.model.AsyncPeriodicWork#lambda$doRun$0: Finished Periodic background build discarder. 0 ms
2020-07-17 08:52:16.298+0000 [id=1153]	INFO	hudson.model.AsyncPeriodicWork#lambda$doRun$0: Started EC2 alive slaves monitor
2020-07-17 08:52:16.301+0000 [id=1153]	INFO	hudson.model.AsyncPeriodicWork#lambda$doRun$0: Finished EC2 alive slaves monitor. 0 ms
2020-07-17 09:02:16.298+0000 [id=1260]	INFO	hudson.model.AsyncPeriodicWork#lambda$doRun$0: Started EC2 alive slaves monitor
2020-07-17 09:02:16.298+0000 [id=1260]	INFO	hudson.model.AsyncPeriodicWork#lambda$doRun$0: Finished EC2 alive slaves monitor. 0 ms
2020-07-17 09:12:16.298+0000 [id=1358]	INFO	hudson.model.AsyncPeriodicWork#lambda$doRun$0: Started EC2 alive slaves monitor
2020-07-17 09:12:16.298+0000 [id=1358]	INFO	hudson.model.AsyncPeriodicWork#lambda$doRun$0: Finished EC2 alive slaves monitor. 0 ms
2020-07-17 09:22:16.298+0000 [id=1462]	INFO	hudson.model.AsyncPeriodicWork#lambda$doRun$0: Started EC2 alive slaves monitor
2020-07-17 09:22:16.298+0000 [id=1462]	INFO	hudson.model.AsyncPeriodicWork#lambda$doRun$0: Finished EC2 alive slaves monitor. 0 ms
2020-07-17 09:32:16.298+0000 [id=1558]	INFO	hudson.model.AsyncPeriodicWork#lambda$doRun$0: Started EC2 alive slaves monitor
2020-07-17 09:32:16.298+0000 [id=1558]	INFO	hudson.model.AsyncPeriodicWork#lambda$doRun$0: Finished EC2 alive slaves monitor. 0 ms
2020-07-17 09:42:16.298+0000 [id=1661]	INFO	hudson.model.AsyncPeriodicWork#lambda$doRun$0: Started EC2 alive slaves monitor
2020-07-17 09:42:16.298+0000 [id=1661]	INFO	hudson.model.AsyncPeriodicWork#lambda$doRun$0: Finished EC2 alive slaves monitor. 0 ms
2020-07-17 09:51:01.364+0000 [id=105]	INFO	h.triggers.SCMTrigger$Runner#run: SCM changes detected in ssh. Triggering  #31
2020-07-17 09:51:42.300+0000 [id=1805]	INFO	hudson.model.AsyncPeriodicWork#lambda$doRun$0: Started Periodic background build discarder
2020-07-17 09:51:42.301+0000 [id=1805]	INFO	hudson.model.AsyncPeriodicWork#lambda$doRun$0: Finished Periodic background build discarder. 1 ms
2020-07-17 09:52:16.298+0000 [id=1812]	INFO	hudson.model.AsyncPeriodicWork#lambda$doRun$0: Started EC2 alive slaves monitor
2020-07-17 09:52:16.298+0000 [id=1812]	INFO	hudson.model.AsyncPeriodicWork#lambda$doRun$0: Finished EC2 alive slaves monitor. 0 ms
2020-07-17 09:54:01.167+0000 [id=165]	INFO	h.triggers.SCMTrigger$Runner#run: SCM changes detected in ssh. Triggering  #32
2020-07-17 09:56:01.139+0000 [id=179]	INFO	h.triggers.SCMTrigger$Runner#run: SCM changes detected in ssh. Triggering  #33
2020-07-17 09:58:01.147+0000 [id=194]	INFO	h.triggers.SCMTrigger$Runner#run: SCM changes detected in ssh. Triggering  #34
2020-07-17 10:00:01.125+0000 [id=96]	INFO	h.triggers.SCMTrigger$Runner#run: SCM changes detected in ssh. Triggering  #35
2020-07-17 10:02:16.298+0000 [id=2019]	INFO	hudson.model.AsyncPeriodicWork#lambda$doRun$0: Started EC2 alive slaves monitor
2020-07-17 10:02:16.298+0000 [id=2019]	INFO	hudson.model.AsyncPeriodicWork#lambda$doRun$0: Finished EC2 alive slaves monitor. 0 ms
2020-07-17 10:03:01.137+0000 [id=158]	INFO	h.triggers.SCMTrigger$Runner#run: SCM changes detected in ssh. Triggering  #36
2020-07-17 10:05:01.225+0000 [id=172]	INFO	h.triggers.SCMTrigger$Runner#run: SCM changes detected in ssh. Triggering  #37
2020-07-17 10:09:01.269+0000 [id=201]	INFO	h.triggers.SCMTrigger$Runner#run: SCM changes detected in ssh. Triggering  #38
2020-07-17 10:12:16.298+0000 [id=2191]	INFO	hudson.model.AsyncPeriodicWork#lambda$doRun$0: Started EC2 alive slaves monitor
2020-07-17 10:12:16.298+0000 [id=2191]	INFO	hudson.model.AsyncPeriodicWork#lambda$doRun$0: Finished EC2 alive slaves monitor. 0 ms
2020-07-17 10:15:01.150+0000 [id=172]	INFO	h.triggers.SCMTrigger$Runner#run: SCM changes detected in ssh. Triggering  #39
2020-07-17 10:17:01.169+0000 [id=187]	INFO	h.triggers.SCMTrigger$Runner#run: SCM changes detected in ssh. Triggering  #40
2020-07-17 10:22:16.298+0000 [id=2322]	INFO	hudson.model.AsyncPeriodicWork#lambda$doRun$0: Started EC2 alive slaves monitor
2020-07-17 10:22:16.298+0000 [id=2322]	INFO	hudson.model.AsyncPeriodicWork#lambda$doRun$0: Finished EC2 alive slaves monitor. 0 ms
2020-07-17 10:25:01.182+0000 [id=172]	INFO	h.triggers.SCMTrigger$Runner#run: SCM changes detected in ssh. Triggering  #41
2020-07-17 10:27:01.135+0000 [id=187]	INFO	h.triggers.SCMTrigger$Runner#run: SCM changes detected in ssh. Triggering  #42
2020-07-17 10:30:01.200+0000 [id=96]	INFO	h.triggers.SCMTrigger$Runner#run: SCM changes detected in ssh. Triggering  #43
2020-07-17 10:32:16.298+0000 [id=2488]	INFO	hudson.model.AsyncPeriodicWork#lambda$doRun$0: Started EC2 alive slaves monitor
2020-07-17 10:32:16.298+0000 [id=2488]	INFO	hudson.model.AsyncPeriodicWork#lambda$doRun$0: Finished EC2 alive slaves monitor. 0 ms
2020-07-17 10:42:16.298+0000 [id=2549]	INFO	hudson.model.AsyncPeriodicWork#lambda$doRun$0: Started EC2 alive slaves monitor
2020-07-17 10:42:16.298+0000 [id=2549]	INFO	hudson.model.AsyncPeriodicWork#lambda$doRun$0: Finished EC2 alive slaves monitor. 0 ms
2020-07-17 10:44:01.139+0000 [id=165]	INFO	h.triggers.SCMTrigger$Runner#run: SCM changes detected in ssh. Triggering  #44
2020-07-17 10:51:01.177+0000 [id=105]	INFO	h.triggers.SCMTrigger$Runner#run: SCM changes detected in ssh. Triggering  #45
2020-07-17 10:51:42.300+0000 [id=2681]	INFO	hudson.model.AsyncPeriodicWork#lambda$doRun$0: Started Periodic background build discarder
2020-07-17 10:51:42.301+0000 [id=2681]	INFO	hudson.model.AsyncPeriodicWork#lambda$doRun$0: Finished Periodic background build discarder. 0 ms
2020-07-17 10:52:16.298+0000 [id=2688]	INFO	hudson.model.AsyncPeriodicWork#lambda$doRun$0: Started EC2 alive slaves monitor
2020-07-17 10:52:16.298+0000 [id=2688]	INFO	hudson.model.AsyncPeriodicWork#lambda$doRun$0: Finished EC2 alive slaves monitor. 0 ms
2020-07-17 11:00:01.157+0000 [id=96]	INFO	h.triggers.SCMTrigger$Runner#run: SCM changes detected in ssh. Triggering  #46
2020-07-17 11:02:16.298+0000 [id=2784]	INFO	hudson.model.AsyncPeriodicWork#lambda$doRun$0: Started EC2 alive slaves monitor
2020-07-17 11:02:16.298+0000 [id=2784]	INFO	hudson.model.AsyncPeriodicWork#lambda$doRun$0: Finished EC2 alive slaves monitor. 0 ms
2020-07-17 11:04:01.125+0000 [id=165]	INFO	h.triggers.SCMTrigger$Runner#run: SCM changes detected in ssh. Triggering  #47
2020-07-17 11:12:16.298+0000 [id=2880]	INFO	hudson.model.AsyncPeriodicWork#lambda$doRun$0: Started EC2 alive slaves monitor
2020-07-17 11:12:16.298+0000 [id=2880]	INFO	hudson.model.AsyncPeriodicWork#lambda$doRun$0: Finished EC2 alive slaves monitor. 0 ms
2020-07-17 11:22:16.298+0000 [id=2941]	INFO	hudson.model.AsyncPeriodicWork#lambda$doRun$0: Started EC2 alive slaves monitor
2020-07-17 11:22:16.298+0000 [id=2941]	INFO	hudson.model.AsyncPeriodicWork#lambda$doRun$0: Finished EC2 alive slaves monitor. 0 ms
2020-07-17 11:32:16.298+0000 [id=3002]	INFO	hudson.model.AsyncPeriodicWork#lambda$doRun$0: Started EC2 alive slaves monitor
2020-07-17 11:32:16.298+0000 [id=3002]	INFO	hudson.model.AsyncPeriodicWork#lambda$doRun$0: Finished EC2 alive slaves monitor. 0 ms
2020-07-17 11:42:16.298+0000 [id=3063]	INFO	hudson.model.AsyncPeriodicWork#lambda$doRun$0: Started EC2 alive slaves monitor
2020-07-17 11:42:16.298+0000 [id=3063]	INFO	hudson.model.AsyncPeriodicWork#lambda$doRun$0: Finished EC2 alive slaves monitor. 0 ms
2020-07-17 11:51:42.300+0000 [id=3125]	INFO	hudson.model.AsyncPeriodicWork#lambda$doRun$0: Started Periodic background build discarder
2020-07-17 11:51:42.301+0000 [id=3125]	INFO	hudson.model.AsyncPeriodicWork#lambda$doRun$0: Finished Periodic background build discarder. 1 ms
2020-07-17 11:52:16.298+0000 [id=3132]	INFO	hudson.model.AsyncPeriodicWork#lambda$doRun$0: Started EC2 alive slaves monitor
2020-07-17 11:52:16.298+0000 [id=3132]	INFO	hudson.model.AsyncPeriodicWork#lambda$doRun$0: Finished EC2 alive slaves monitor. 0 ms
2020-07-17 12:02:16.298+0000 [id=3193]	INFO	hudson.model.AsyncPeriodicWork#lambda$doRun$0: Started EC2 alive slaves monitor
2020-07-17 12:02:16.298+0000 [id=3193]	INFO	hudson.model.AsyncPeriodicWork#lambda$doRun$0: Finished EC2 alive slaves monitor. 0 ms
2020-07-17 12:12:16.298+0000 [id=3254]	INFO	hudson.model.AsyncPeriodicWork#lambda$doRun$0: Started EC2 alive slaves monitor
2020-07-17 12:12:16.298+0000 [id=3254]	INFO	hudson.model.AsyncPeriodicWork#lambda$doRun$0: Finished EC2 alive slaves monitor. 0 ms
2020-07-17 12:15:01.168+0000 [id=172]	INFO	h.triggers.SCMTrigger$Runner#run: SCM changes detected in ssh. Triggering  #48
2020-07-17 12:21:43.840+0000 [id=2830]	INFO	hudson.model.Run#execute: ssh #48 aborted
java.lang.InterruptedException
	at java.lang.Object.wait(Native Method)
	at java.lang.Object.wait(Object.java:502)
	at java.lang.UNIXProcess.waitFor(UNIXProcess.java:395)
	at hudson.Proc$LocalProc.join(Proc.java:327)
	at hudson.tasks.CommandInterpreter.join(CommandInterpreter.java:155)
	at hudson.tasks.CommandInterpreter.perform(CommandInterpreter.java:109)
	at hudson.tasks.CommandInterpreter.perform(CommandInterpreter.java:66)
	at hudson.tasks.BuildStepMonitor$1.perform(BuildStepMonitor.java:20)
	at hudson.model.AbstractBuild$AbstractBuildExecution.perform(AbstractBuild.java:741)
	at hudson.model.Build$BuildExecution.build(Build.java:206)
	at hudson.model.Build$BuildExecution.doRun(Build.java:163)
	at hudson.model.AbstractBuild$AbstractBuildExecution.run(AbstractBuild.java:504)
	at hudson.model.Run.execute(Run.java:1880)
	at hudson.model.FreeStyleBuild.run(FreeStyleBuild.java:43)
	at hudson.model.ResourceController.execute(ResourceController.java:97)
	at hudson.model.Executor.run(Executor.java:428)
2020-07-17 12:22:16.298+0000 [id=3351]	INFO	hudson.model.AsyncPeriodicWork#lambda$doRun$0: Started EC2 alive slaves monitor
2020-07-17 12:22:16.298+0000 [id=3351]	INFO	hudson.model.AsyncPeriodicWork#lambda$doRun$0: Finished EC2 alive slaves monitor. 0 ms
2020-07-17 12:32:16.298+0000 [id=3412]	INFO	hudson.model.AsyncPeriodicWork#lambda$doRun$0: Started EC2 alive slaves monitor
2020-07-17 12:32:16.298+0000 [id=3412]	INFO	hudson.model.AsyncPeriodicWork#lambda$doRun$0: Finished EC2 alive slaves monitor. 0 ms
2020-07-17 12:42:16.298+0000 [id=3473]	INFO	hudson.model.AsyncPeriodicWork#lambda$doRun$0: Started EC2 alive slaves monitor
2020-07-17 12:42:16.300+0000 [id=3473]	INFO	hudson.model.AsyncPeriodicWork#lambda$doRun$0: Finished EC2 alive slaves monitor. 2 ms
2020-07-17 12:51:42.300+0000 [id=3535]	INFO	hudson.model.AsyncPeriodicWork#lambda$doRun$0: Started Periodic background build discarder
2020-07-17 12:51:42.301+0000 [id=3535]	INFO	hudson.model.AsyncPeriodicWork#lambda$doRun$0: Finished Periodic background build discarder. 1 ms
2020-07-17 12:52:16.298+0000 [id=3542]	INFO	hudson.model.AsyncPeriodicWork#lambda$doRun$0: Started EC2 alive slaves monitor
2020-07-17 12:52:16.298+0000 [id=3542]	INFO	hudson.model.AsyncPeriodicWork#lambda$doRun$0: Finished EC2 alive slaves monitor. 0 ms
2020-07-17 13:00:01.139+0000 [id=96]	INFO	h.triggers.SCMTrigger$Runner#run: SCM changes detected in ssh. Triggering  #49
2020-07-17 13:02:16.298+0000 [id=3645]	INFO	hudson.model.AsyncPeriodicWork#lambda$doRun$0: Started EC2 alive slaves monitor
2020-07-17 13:02:16.298+0000 [id=3645]	INFO	hudson.model.AsyncPeriodicWork#lambda$doRun$0: Finished EC2 alive slaves monitor. 0 ms
2020-07-17 13:05:01.343+0000 [id=172]	INFO	h.triggers.SCMTrigger$Runner#run: SCM changes detected in ssh. Triggering  #50
2020-07-17 13:12:16.298+0000 [id=3741]	INFO	hudson.model.AsyncPeriodicWork#lambda$doRun$0: Started EC2 alive slaves monitor
2020-07-17 13:12:16.298+0000 [id=3741]	INFO	hudson.model.AsyncPeriodicWork#lambda$doRun$0: Finished EC2 alive slaves monitor. 0 ms
2020-07-17 13:22:16.298+0000 [id=3802]	INFO	hudson.model.AsyncPeriodicWork#lambda$doRun$0: Started EC2 alive slaves monitor
2020-07-17 13:22:16.298+0000 [id=3802]	INFO	hudson.model.AsyncPeriodicWork#lambda$doRun$0: Finished EC2 alive slaves monitor. 0 ms
